Working directory: /var/lib/condor/execute/slot1/dir_3467046/scratch
GPU info:
AvailableGPUs = { GPUs_GPU_33841322 }
CUDACapability = GPUs_Capability
CUDADeviceName = GPUs_DeviceName
CUDADriverVersion = GPUs_DriverVersion
CUDAGlobalMemoryMb = GPUs_GlobalMemoryMb
CUDAMaxSupportedVersion = GPUs_MaxSupportedVersion
GPUs_Capability = 8.9
GPUs_DeviceName = "NVIDIA L40"
GPUs_DevicePciBusId = "0000:52:00.0"
GPUs_DeviceUuid = "33841322-8890-d851-735c-22f0f2459d03"
GPUs_DriverVersion = 12.8
GPUs_ECCEnabled = true
GPUs_GPU_33841322 = [ Id = "GPU-33841322"; Capability = 8.9; DeviceName = "NVIDIA L40"; DeviceUuid = "33841322-8890-d851-735c-22f0f2459d03"; ECCEnabled = true; NvidiaDriver = "570.195.03"; DriverVersion = 12.8; DevicePciBusId = "0000:52:00.0"; GlobalMemoryMb = 45468; MaxSupportedVersion = 12080 ]
GPUs_GlobalMemoryMb = 45468
GPUs_MaxSupportedVersion = 12080
GPUs_NvidiaDriver = "570.195.03"
job_id=7 length=10 motifs=11-30 weights=1 n_batches=1
Target Motifs: [11, 12, 13, 14, 15, 16, 17, 18, 19, 20, 21, 22, 23, 24, 25, 26, 27, 28, 29, 30]
tensor([11, 12, 13, 14, 15, 16, 17, 18, 19, 20, 21, 22, 23, 24, 25, 26, 27, 28,
        29, 30], device='cuda:0')
Weight Vector: tensor([1.], device='cuda:0')
