GPU info:
AvailableGPUs = { GPUs_GPU_00ce5156 }
CUDACapability = GPUs_Capability
CUDADeviceName = GPUs_DeviceName
CUDADriverVersion = GPUs_DriverVersion
CUDAGlobalMemoryMb = GPUs_GlobalMemoryMb
CUDAMaxSupportedVersion = GPUs_MaxSupportedVersion
GPUs_Capability = 8.9
GPUs_DeviceName = "NVIDIA L40"
GPUs_DevicePciBusId = "0000:52:00.0"
GPUs_DeviceUuid = "00ce5156-6c1c-d9e4-6d22-e1f02050971e"
GPUs_DriverVersion = 12.8
GPUs_ECCEnabled = true
GPUs_GPU_00ce5156 = [ Id = "GPU-00ce5156"; Capability = 8.9; DeviceName = "NVIDIA L40"; DeviceUuid = "00ce5156-6c1c-d9e4-6d22-e1f02050971e"; ECCEnabled = true; NvidiaDriver = "570.195.03"; DriverVersion = 12.8; DevicePciBusId = "0000:52:00.0"; GlobalMemoryMb = 45468; MaxSupportedVersion = 12080 ]
GPUs_GlobalMemoryMb = 45468
GPUs_MaxSupportedVersion = 12080
GPUs_NvidiaDriver = "570.195.03"
Target Motifs: [16, 17, 18, 19, 20, 21, 22, 23, 24, 25, 26, 27, 28, 29, 30, 31, 62, 63, 64, 65, 66, 67, 68, 69, 70, 71, 72, 73, 74, 75, 76, 77, 78, 79]
tensor([16, 17, 18, 19, 20, 21, 22, 23, 24, 25, 26, 27, 28, 29, 30, 31, 62, 63,
        64, 65, 66, 67, 68, 69, 70, 71, 72, 73, 74, 75, 76, 77, 78, 79],
       device='cuda:0')
Weight Vector: tensor([1., 1., 1., 4., 4., 2.], device='cuda:0')
[0.890825517475605, 0.4344105124473572, 0.0, 0.6276121139526367, 0.3112814724445343, 0.7735849022865295]
[0.890825517475605, 0.4344105124473572, 0.0, 0.6276121139526367, 0.3112814724445343, 0.7735849022865295]
[0.890825517475605, 0.4344105124473572, 0.0, 0.6276121139526367, 0.3112814724445343, 0.7735849022865295]
[0.890825517475605, 0.4344105124473572, 0.0, 0.6276121139526367, 0.3112814724445343, 0.7735849022865295]
[0.890825517475605, 0.4344105124473572, 0.0, 0.6276121139526367, 0.3112814724445343, 0.7735849022865295]
[0.890825517475605, 0.4344105124473572, 0.0, 0.6276121139526367, 0.3112814724445343, 0.7735849022865295]
[0.890825517475605, 0.4344105124473572, 0.0, 0.6276121139526367, 0.3112814724445343, 0.7735849022865295]
[0.890825517475605, 0.4344105124473572, 0.0, 0.6276121139526367, 0.3112814724445343, 0.7735849022865295]
[0.890825517475605, 0.4344105124473572, 0.0, 0.6276121139526367, 0.3112814724445343, 0.7735849022865295]
[0.890825517475605, 0.4344105124473572, 0.0, 0.6276121139526367, 0.3112814724445343, 0.7735849022865295]
[0.890825517475605, 0.4344105124473572, 0.0, 0.6276121139526367, 0.3112814724445343, 0.7735849022865295]
[0.890825517475605, 0.4344105124473572, 0.0, 0.6276121139526367, 0.3112814724445343, 0.7735849022865295]
[0.890825517475605, 0.4344105124473572, 0.0, 0.6276121139526367, 0.3112814724445343, 0.7735849022865295]
[0.890825517475605, 0.4344105124473572, 0.0, 0.6276121139526367, 0.3112814724445343, 0.7735849022865295]
[0.890825517475605, 0.4344105124473572, 0.0, 0.6276121139526367, 0.3112814724445343, 0.7735849022865295]
[0.890825517475605, 0.4344105124473572, 0.0, 0.6276121139526367, 0.3112814724445343, 0.7735849022865295]
[0.890825517475605, 0.4344105124473572, 0.0, 0.6276121139526367, 0.3112814724445343, 0.7735849022865295]
[0.890825517475605, 0.4344105124473572, 0.0, 0.6276121139526367, 0.3112814724445343, 0.7735849022865295]
[0.890825517475605, 0.4344105124473572, 0.0, 0.6276121139526367, 0.3112814724445343, 0.7735849022865295]
[0.890825517475605, 0.4344105124473572, 0.0, 0.6276121139526367, 0.3112814724445343, 0.7735849022865295]
[0.890825517475605, 0.4344105124473572, 0.0, 0.6276121139526367, 0.3112814724445343, 0.7735849022865295]
[0.890825517475605, 0.4344105124473572, 0.0, 0.6276121139526367, 0.3112814724445343, 0.7735849022865295]
[0.890825517475605, 0.4344105124473572, 0.0, 0.6276121139526367, 0.3112814724445343, 0.7735849022865295]
[0.890825517475605, 0.4344105124473572, 0.0, 0.6276121139526367, 0.3112814724445343, 0.7735849022865295]
[0.890825517475605, 0.4344105124473572, 0.0, 0.6276121139526367, 0.3112814724445343, 0.7735849022865295]
[0.890825517475605, 0.4344105124473572, 0.0, 0.6276121139526367, 0.3112814724445343, 0.7735849022865295]
[0.890825517475605, 0.4344105124473572, 0.0, 0.6276121139526367, 0.3112814724445343, 0.7735849022865295]
[0.890825517475605, 0.4344105124473572, 0.0, 0.6276121139526367, 0.3112814724445343, 0.7735849022865295]
[0.890825517475605, 0.4344105124473572, 0.0, 0.6276121139526367, 0.3112814724445343, 0.7735849022865295]
[0.890825517475605, 0.4344105124473572, 0.0, 0.6276121139526367, 0.3112814724445343, 0.7735849022865295]
[0.890825517475605, 0.4344105124473572, 0.0, 0.6276121139526367, 0.3112814724445343, 0.7735849022865295]
[0.890825517475605, 0.4344105124473572, 0.0, 0.6276121139526367, 0.3112814724445343, 0.7735849022865295]
Jump!
[0.8944871947169304, 0.4588615298271179, 0.025135789066553116, 0.6393325328826904, 0.2505558133125305, 0.9622641801834106]
Jump!
[0.9091823175549507, 0.704982578754425, 0.0, 0.6204009652137756, 0.2882334291934967, 0.9622641801834106]
[0.9091823175549507, 0.704982578754425, 0.0, 0.6204009652137756, 0.2882334291934967, 0.9622641801834106]
[0.9091823175549507, 0.704982578754425, 0.0, 0.6204009652137756, 0.2882334291934967, 0.9622641801834106]
[0.9091823175549507, 0.704982578754425, 0.0, 0.6204009652137756, 0.2882334291934967, 0.9622641801834106]
[0.9091823175549507, 0.704982578754425, 0.0, 0.6204009652137756, 0.2882334291934967, 0.9622641801834106]
[0.9091823175549507, 0.704982578754425, 0.0, 0.6204009652137756, 0.2882334291934967, 0.9622641801834106]
[0.9091823175549507, 0.704982578754425, 0.0, 0.6204009652137756, 0.2882334291934967, 0.9622641801834106]
[0.9091823175549507, 0.704982578754425, 0.0, 0.6204009652137756, 0.2882334291934967, 0.9622641801834106]
[0.9091823175549507, 0.704982578754425, 0.0, 0.6204009652137756, 0.2882334291934967, 0.9622641801834106]
[0.9091823175549507, 0.704982578754425, 0.0, 0.6204009652137756, 0.2882334291934967, 0.9622641801834106]
[0.9091823175549507, 0.704982578754425, 0.0, 0.6204009652137756, 0.2882334291934967, 0.9622641801834106]
[0.9091823175549507, 0.704982578754425, 0.0, 0.6204009652137756, 0.2882334291934967, 0.9622641801834106]
[0.9091823175549507, 0.704982578754425, 0.0, 0.6204009652137756, 0.2882334291934967, 0.9622641801834106]
[0.9091823175549507, 0.704982578754425, 0.0, 0.6204009652137756, 0.2882334291934967, 0.9622641801834106]
Jump!
[0.8777031898498535, 0.48194360733032227, 0.09972166270017624, 0.6390156745910645, 0.3733810484409332, 0.9433962106704712]
Jump!
[0.9402594044804573, 0.6240320205688477, 0.30430445075035095, 0.5900894999504089, 0.4322456419467926, 0.9433962106704712]
[0.9402594044804573, 0.6240320205688477, 0.30430445075035095, 0.5900894999504089, 0.4322456419467926, 0.9433962106704712]
[0.9402594044804573, 0.6240320205688477, 0.30430445075035095, 0.5900894999504089, 0.4322456419467926, 0.9433962106704712]
[0.9402594044804573, 0.6240320205688477, 0.30430445075035095, 0.5900894999504089, 0.4322456419467926, 0.9433962106704712]
[0.9402594044804573, 0.6240320205688477, 0.30430445075035095, 0.5900894999504089, 0.4322456419467926, 0.9433962106704712]
[0.9402594044804573, 0.6240320205688477, 0.30430445075035095, 0.5900894999504089, 0.4322456419467926, 0.9433962106704712]
[0.9402594044804573, 0.6240320205688477, 0.30430445075035095, 0.5900894999504089, 0.4322456419467926, 0.9433962106704712]
[0.9402594044804573, 0.6240320205688477, 0.30430445075035095, 0.5900894999504089, 0.4322456419467926, 0.9433962106704712]
[0.9402594044804573, 0.6240320205688477, 0.30430445075035095, 0.5900894999504089, 0.4322456419467926, 0.9433962106704712]
[0.9402594044804573, 0.6240320205688477, 0.30430445075035095, 0.5900894999504089, 0.4322456419467926, 0.9433962106704712]
[0.9402594044804573, 0.6240320205688477, 0.30430445075035095, 0.5900894999504089, 0.4322456419467926, 0.9433962106704712]
[0.9402594044804573, 0.6240320205688477, 0.30430445075035095, 0.5900894999504089, 0.4322456419467926, 0.9433962106704712]
[0.9402594044804573, 0.6240320205688477, 0.30430445075035095, 0.5900894999504089, 0.4322456419467926, 0.9433962106704712]
[0.9402594044804573, 0.6240320205688477, 0.30430445075035095, 0.5900894999504089, 0.4322456419467926, 0.9433962106704712]
[0.9402594044804573, 0.6240320205688477, 0.30430445075035095, 0.5900894999504089, 0.4322456419467926, 0.9433962106704712]
[0.9402594044804573, 0.6240320205688477, 0.30430445075035095, 0.5900894999504089, 0.4322456419467926, 0.9433962106704712]
[0.9402594044804573, 0.6240320205688477, 0.30430445075035095, 0.5900894999504089, 0.4322456419467926, 0.9433962106704712]
[0.9402594044804573, 0.6240320205688477, 0.30430445075035095, 0.5900894999504089, 0.4322456419467926, 0.9433962106704712]
[0.9402594044804573, 0.6240320205688477, 0.30430445075035095, 0.5900894999504089, 0.4322456419467926, 0.9433962106704712]
[0.9402594044804573, 0.6240320205688477, 0.30430445075035095, 0.5900894999504089, 0.4322456419467926, 0.9433962106704712]
[0.9402594044804573, 0.6240320205688477, 0.30430445075035095, 0.5900894999504089, 0.4322456419467926, 0.9433962106704712]
[0.9402594044804573, 0.6240320205688477, 0.30430445075035095, 0.5900894999504089, 0.4322456419467926, 0.9433962106704712]
Jump!
[0.8947291597723961, 0.624617874622345, 0.210260272026062, 0.6554913520812988, 0.4048903286457062, 0.9433962106704712]
Jump!
[0.8712676763534546, 0.3840716779232025, 0.04875076189637184, 0.6412684321403503, 0.45051613450050354, 0.9528301954269409]
[0.8712676763534546, 0.3840716779232025, 0.04875076189637184, 0.6412684321403503, 0.45051613450050354, 0.9528301954269409]
[0.8712676763534546, 0.3840716779232025, 0.04875076189637184, 0.6412684321403503, 0.45051613450050354, 0.9528301954269409]
[0.8712676763534546, 0.3840716779232025, 0.04875076189637184, 0.6412684321403503, 0.45051613450050354, 0.9528301954269409]
[0.8712676763534546, 0.3840716779232025, 0.04875076189637184, 0.6412684321403503, 0.45051613450050354, 0.9528301954269409]
[0.8712676763534546, 0.3840716779232025, 0.04875076189637184, 0.6412684321403503, 0.45051613450050354, 0.9528301954269409]
[0.8712676763534546, 0.3840716779232025, 0.04875076189637184, 0.6412684321403503, 0.45051613450050354, 0.9528301954269409]
[0.8712676763534546, 0.3840716779232025, 0.04875076189637184, 0.6412684321403503, 0.45051613450050354, 0.9528301954269409]
[0.8712676763534546, 0.3840716779232025, 0.04875076189637184, 0.6412684321403503, 0.45051613450050354, 0.9528301954269409]
[0.8712676763534546, 0.3840716779232025, 0.04875076189637184, 0.6412684321403503, 0.45051613450050354, 0.9528301954269409]
[0.8712676763534546, 0.3840716779232025, 0.04875076189637184, 0.6412684321403503, 0.45051613450050354, 0.9528301954269409]
[0.8712676763534546, 0.3840716779232025, 0.04875076189637184, 0.6412684321403503, 0.45051613450050354, 0.9528301954269409]
[0.8712676763534546, 0.3840716779232025, 0.04875076189637184, 0.6412684321403503, 0.45051613450050354, 0.9528301954269409]
[0.8712676763534546, 0.3840716779232025, 0.04875076189637184, 0.6412684321403503, 0.45051613450050354, 0.9528301954269409]
[0.8712676763534546, 0.3840716779232025, 0.04875076189637184, 0.6412684321403503, 0.45051613450050354, 0.9528301954269409]
[0.8712676763534546, 0.3840716779232025, 0.04875076189637184, 0.6412684321403503, 0.45051613450050354, 0.9528301954269409]
[0.8712676763534546, 0.3840716779232025, 0.04875076189637184, 0.6412684321403503, 0.45051613450050354, 0.9528301954269409]
[0.8712676763534546, 0.3840716779232025, 0.04875076189637184, 0.6412684321403503, 0.45051613450050354, 0.9528301954269409]
[0.8712676763534546, 0.3840716779232025, 0.04875076189637184, 0.6412684321403503, 0.45051613450050354, 0.9528301954269409]
[0.8712676763534546, 0.3840716779232025, 0.04875076189637184, 0.6412684321403503, 0.45051613450050354, 0.9528301954269409]
[0.8712676763534546, 0.3840716779232025, 0.04875076189637184, 0.6412684321403503, 0.45051613450050354, 0.9528301954269409]
[0.8712676763534546, 0.3840716779232025, 0.04875076189637184, 0.6412684321403503, 0.45051613450050354, 0.9528301954269409]
[0.8712676763534546, 0.3840716779232025, 0.04875076189637184, 0.6412684321403503, 0.45051613450050354, 0.9528301954269409]
[0.8712676763534546, 0.3840716779232025, 0.04875076189637184, 0.6412684321403503, 0.45051613450050354, 0.9528301954269409]
[0.8712676763534546, 0.3840716779232025, 0.04875076189637184, 0.6412684321403503, 0.45051613450050354, 0.9528301954269409]
[0.8712676763534546, 0.3840716779232025, 0.04875076189637184, 0.6412684321403503, 0.45051613450050354, 0.9528301954269409]
[0.8712676763534546, 0.3840716779232025, 0.04875076189637184, 0.6412684321403503, 0.45051613450050354, 0.9528301954269409]
[0.8712676763534546, 0.3840716779232025, 0.04875076189637184, 0.6412684321403503, 0.45051613450050354, 0.9528301954269409]
[0.8712676763534546, 0.3840716779232025, 0.04875076189637184, 0.6412684321403503, 0.45051613450050354, 0.9528301954269409]
['PARFCICENL']
[0.8712676763534546, 0.3840716779232025, 1.2517036199569702, 6.412684440612793, 0.45051613450050354, 0.9528301954269409]
Weight Vector: tensor([1., 1., 1., 4., 4., 2.], device='cuda:0')
[0.9154492989182472, 0.13016770780086517, 0.15121912956237793, 0.5917342901229858, 0.2138885110616684, 0.7830188274383545]
[0.9154492989182472, 0.13016770780086517, 0.15121912956237793, 0.5917342901229858, 0.2138885110616684, 0.7830188274383545]
[0.9154492989182472, 0.13016770780086517, 0.15121912956237793, 0.5917342901229858, 0.2138885110616684, 0.7830188274383545]
[0.9154492989182472, 0.13016770780086517, 0.15121912956237793, 0.5917342901229858, 0.2138885110616684, 0.7830188274383545]
[0.9154492989182472, 0.13016770780086517, 0.15121912956237793, 0.5917342901229858, 0.2138885110616684, 0.7830188274383545]
[0.9154492989182472, 0.13016770780086517, 0.15121912956237793, 0.5917342901229858, 0.2138885110616684, 0.7830188274383545]
[0.9154492989182472, 0.13016770780086517, 0.15121912956237793, 0.5917342901229858, 0.2138885110616684, 0.7830188274383545]
[0.9154492989182472, 0.13016770780086517, 0.15121912956237793, 0.5917342901229858, 0.2138885110616684, 0.7830188274383545]
[0.9154492989182472, 0.13016770780086517, 0.15121912956237793, 0.5917342901229858, 0.2138885110616684, 0.7830188274383545]
[0.9154492989182472, 0.13016770780086517, 0.15121912956237793, 0.5917342901229858, 0.2138885110616684, 0.7830188274383545]
[0.9154492989182472, 0.13016770780086517, 0.15121912956237793, 0.5917342901229858, 0.2138885110616684, 0.7830188274383545]
[0.9154492989182472, 0.13016770780086517, 0.15121912956237793, 0.5917342901229858, 0.2138885110616684, 0.7830188274383545]
[0.9154492989182472, 0.13016770780086517, 0.15121912956237793, 0.5917342901229858, 0.2138885110616684, 0.7830188274383545]
[0.9154492989182472, 0.13016770780086517, 0.15121912956237793, 0.5917342901229858, 0.2138885110616684, 0.7830188274383545]
[0.9154492989182472, 0.13016770780086517, 0.15121912956237793, 0.5917342901229858, 0.2138885110616684, 0.7830188274383545]
[0.9154492989182472, 0.13016770780086517, 0.15121912956237793, 0.5917342901229858, 0.2138885110616684, 0.7830188274383545]
[0.9154492989182472, 0.13016770780086517, 0.15121912956237793, 0.5917342901229858, 0.2138885110616684, 0.7830188274383545]
Jump!
[0.885343886911869, 0.15868784487247467, 0.1944160759449005, 0.6220710873603821, 0.36604657769203186, 0.9245283007621765]
[0.885343886911869, 0.15868784487247467, 0.1944160759449005, 0.6220710873603821, 0.36604657769203186, 0.9245283007621765]
[0.885343886911869, 0.15868784487247467, 0.1944160759449005, 0.6220710873603821, 0.36604657769203186, 0.9245283007621765]
[0.885343886911869, 0.15868784487247467, 0.1944160759449005, 0.6220710873603821, 0.36604657769203186, 0.9245283007621765]
[0.885343886911869, 0.15868784487247467, 0.1944160759449005, 0.6220710873603821, 0.36604657769203186, 0.9245283007621765]
[0.885343886911869, 0.15868784487247467, 0.1944160759449005, 0.6220710873603821, 0.36604657769203186, 0.9245283007621765]
[0.885343886911869, 0.15868784487247467, 0.1944160759449005, 0.6220710873603821, 0.36604657769203186, 0.9245283007621765]
[0.885343886911869, 0.15868784487247467, 0.1944160759449005, 0.6220710873603821, 0.36604657769203186, 0.9245283007621765]
[0.885343886911869, 0.15868784487247467, 0.1944160759449005, 0.6220710873603821, 0.36604657769203186, 0.9245283007621765]
[0.885343886911869, 0.15868784487247467, 0.1944160759449005, 0.6220710873603821, 0.36604657769203186, 0.9245283007621765]
[0.885343886911869, 0.15868784487247467, 0.1944160759449005, 0.6220710873603821, 0.36604657769203186, 0.9245283007621765]
Jump!
[0.8853556737303734, 0.30671989917755127, 0.38134264945983887, 0.6459506154060364, 0.38978222012519836, 0.9056603908538818]
[0.8853556737303734, 0.30671989917755127, 0.38134264945983887, 0.6459506154060364, 0.38978222012519836, 0.9056603908538818]
[0.8853556737303734, 0.30671989917755127, 0.38134264945983887, 0.6459506154060364, 0.38978222012519836, 0.9056603908538818]
[0.8853556737303734, 0.30671989917755127, 0.38134264945983887, 0.6459506154060364, 0.38978222012519836, 0.9056603908538818]
[0.8853556737303734, 0.30671989917755127, 0.38134264945983887, 0.6459506154060364, 0.38978222012519836, 0.9056603908538818]
[0.8853556737303734, 0.30671989917755127, 0.38134264945983887, 0.6459506154060364, 0.38978222012519836, 0.9056603908538818]
[0.8853556737303734, 0.30671989917755127, 0.38134264945983887, 0.6459506154060364, 0.38978222012519836, 0.9056603908538818]
[0.8853556737303734, 0.30671989917755127, 0.38134264945983887, 0.6459506154060364, 0.38978222012519836, 0.9056603908538818]
[0.8853556737303734, 0.30671989917755127, 0.38134264945983887, 0.6459506154060364, 0.38978222012519836, 0.9056603908538818]
[0.8853556737303734, 0.30671989917755127, 0.38134264945983887, 0.6459506154060364, 0.38978222012519836, 0.9056603908538818]
Jump!
[0.8917659521102905, 0.46879854798316956, 0.2852916717529297, 0.7243172526359558, 0.390553742647171, 0.9622641801834106]
[0.8917659521102905, 0.46879854798316956, 0.2852916717529297, 0.7243172526359558, 0.390553742647171, 0.9622641801834106]
[0.8917659521102905, 0.46879854798316956, 0.2852916717529297, 0.7243172526359558, 0.390553742647171, 0.9622641801834106]
[0.8917659521102905, 0.46879854798316956, 0.2852916717529297, 0.7243172526359558, 0.390553742647171, 0.9622641801834106]
[0.8917659521102905, 0.46879854798316956, 0.2852916717529297, 0.7243172526359558, 0.390553742647171, 0.9622641801834106]
[0.8917659521102905, 0.46879854798316956, 0.2852916717529297, 0.7243172526359558, 0.390553742647171, 0.9622641801834106]
[0.8917659521102905, 0.46879854798316956, 0.2852916717529297, 0.7243172526359558, 0.390553742647171, 0.9622641801834106]
[0.8917659521102905, 0.46879854798316956, 0.2852916717529297, 0.7243172526359558, 0.390553742647171, 0.9622641801834106]
[0.8917659521102905, 0.46879854798316956, 0.2852916717529297, 0.7243172526359558, 0.390553742647171, 0.9622641801834106]
[0.8917659521102905, 0.46879854798316956, 0.2852916717529297, 0.7243172526359558, 0.390553742647171, 0.9622641801834106]
[0.8917659521102905, 0.46879854798316956, 0.2852916717529297, 0.7243172526359558, 0.390553742647171, 0.9622641801834106]
[0.8917659521102905, 0.46879854798316956, 0.2852916717529297, 0.7243172526359558, 0.390553742647171, 0.9622641801834106]
[0.8917659521102905, 0.46879854798316956, 0.2852916717529297, 0.7243172526359558, 0.390553742647171, 0.9622641801834106]
[0.8917659521102905, 0.46879854798316956, 0.2852916717529297, 0.7243172526359558, 0.390553742647171, 0.9622641801834106]
[0.8917659521102905, 0.46879854798316956, 0.2852916717529297, 0.7243172526359558, 0.390553742647171, 0.9622641801834106]
[0.8917659521102905, 0.46879854798316956, 0.2852916717529297, 0.7243172526359558, 0.390553742647171, 0.9622641801834106]
[0.8917659521102905, 0.46879854798316956, 0.2852916717529297, 0.7243172526359558, 0.390553742647171, 0.9622641801834106]
[0.8917659521102905, 0.46879854798316956, 0.2852916717529297, 0.7243172526359558, 0.390553742647171, 0.9622641801834106]
[0.8917659521102905, 0.46879854798316956, 0.2852916717529297, 0.7243172526359558, 0.390553742647171, 0.9622641801834106]
[0.8917659521102905, 0.46879854798316956, 0.2852916717529297, 0.7243172526359558, 0.390553742647171, 0.9622641801834106]
[0.8917659521102905, 0.46879854798316956, 0.2852916717529297, 0.7243172526359558, 0.390553742647171, 0.9622641801834106]
[0.8917659521102905, 0.46879854798316956, 0.2852916717529297, 0.7243172526359558, 0.390553742647171, 0.9622641801834106]
[0.8917659521102905, 0.46879854798316956, 0.2852916717529297, 0.7243172526359558, 0.390553742647171, 0.9622641801834106]
[0.8917659521102905, 0.46879854798316956, 0.2852916717529297, 0.7243172526359558, 0.390553742647171, 0.9622641801834106]
[0.8917659521102905, 0.46879854798316956, 0.2852916717529297, 0.7243172526359558, 0.390553742647171, 0.9622641801834106]
[0.8917659521102905, 0.46879854798316956, 0.2852916717529297, 0.7243172526359558, 0.390553742647171, 0.9622641801834106]
[0.8917659521102905, 0.46879854798316956, 0.2852916717529297, 0.7243172526359558, 0.390553742647171, 0.9622641801834106]
[0.8917659521102905, 0.46879854798316956, 0.2852916717529297, 0.7243172526359558, 0.390553742647171, 0.9622641801834106]
[0.8917659521102905, 0.46879854798316956, 0.2852916717529297, 0.7243172526359558, 0.390553742647171, 0.9622641801834106]
[0.8917659521102905, 0.46879854798316956, 0.2852916717529297, 0.7243172526359558, 0.390553742647171, 0.9622641801834106]
[0.8917659521102905, 0.46879854798316956, 0.2852916717529297, 0.7243172526359558, 0.390553742647171, 0.9622641801834106]
[0.8917659521102905, 0.46879854798316956, 0.2852916717529297, 0.7243172526359558, 0.390553742647171, 0.9622641801834106]
[0.8917659521102905, 0.46879854798316956, 0.2852916717529297, 0.7243172526359558, 0.390553742647171, 0.9622641801834106]
[0.8917659521102905, 0.46879854798316956, 0.2852916717529297, 0.7243172526359558, 0.390553742647171, 0.9622641801834106]
[0.8917659521102905, 0.46879854798316956, 0.2852916717529297, 0.7243172526359558, 0.390553742647171, 0.9622641801834106]
[0.8917659521102905, 0.46879854798316956, 0.2852916717529297, 0.7243172526359558, 0.390553742647171, 0.9622641801834106]
[0.8917659521102905, 0.46879854798316956, 0.2852916717529297, 0.7243172526359558, 0.390553742647171, 0.9622641801834106]
Jump!
[0.86512690782547, 0.4673406779766083, 0.9241668581962585, 0.7521708607673645, 0.40336301922798157, 0.9716981053352356]
[0.86512690782547, 0.4673406779766083, 0.9241668581962585, 0.7521708607673645, 0.40336301922798157, 0.9716981053352356]
[0.86512690782547, 0.4673406779766083, 0.9241668581962585, 0.7521708607673645, 0.40336301922798157, 0.9716981053352356]
[0.86512690782547, 0.4673406779766083, 0.9241668581962585, 0.7521708607673645, 0.40336301922798157, 0.9716981053352356]
[0.86512690782547, 0.4673406779766083, 0.9241668581962585, 0.7521708607673645, 0.40336301922798157, 0.9716981053352356]
[0.86512690782547, 0.4673406779766083, 0.9241668581962585, 0.7521708607673645, 0.40336301922798157, 0.9716981053352356]
[0.86512690782547, 0.4673406779766083, 0.9241668581962585, 0.7521708607673645, 0.40336301922798157, 0.9716981053352356]
Jump!
[0.8735963404178619, 0.4057401716709137, 1.0, 0.7845515608787537, 0.3943747878074646, 0.9622641801834106]
[0.8735963404178619, 0.4057401716709137, 1.0, 0.7845515608787537, 0.3943747878074646, 0.9622641801834106]
[0.8735963404178619, 0.4057401716709137, 1.0, 0.7845515608787537, 0.3943747878074646, 0.9622641801834106]
[0.8735963404178619, 0.4057401716709137, 1.0, 0.7845515608787537, 0.3943747878074646, 0.9622641801834106]
[0.8735963404178619, 0.4057401716709137, 1.0, 0.7845515608787537, 0.3943747878074646, 0.9622641801834106]
Jump!
[0.8906403705477715, 0.41636478900909424, 0.7937447428703308, 0.794069766998291, 0.40674591064453125, 0.9528301954269409]
[0.8906403705477715, 0.41636478900909424, 0.7937447428703308, 0.794069766998291, 0.40674591064453125, 0.9528301954269409]
[0.8906403705477715, 0.41636478900909424, 0.7937447428703308, 0.794069766998291, 0.40674591064453125, 0.9528301954269409]
[0.8906403705477715, 0.41636478900909424, 0.7937447428703308, 0.794069766998291, 0.40674591064453125, 0.9528301954269409]
[0.8906403705477715, 0.41636478900909424, 0.7937447428703308, 0.794069766998291, 0.40674591064453125, 0.9528301954269409]
[0.8906403705477715, 0.41636478900909424, 0.7937447428703308, 0.794069766998291, 0.40674591064453125, 0.9528301954269409]
[0.8906403705477715, 0.41636478900909424, 0.7937447428703308, 0.794069766998291, 0.40674591064453125, 0.9528301954269409]
[0.8906403705477715, 0.41636478900909424, 0.7937447428703308, 0.794069766998291, 0.40674591064453125, 0.9528301954269409]
[0.8906403705477715, 0.41636478900909424, 0.7937447428703308, 0.794069766998291, 0.40674591064453125, 0.9528301954269409]
[0.8906403705477715, 0.41636478900909424, 0.7937447428703308, 0.794069766998291, 0.40674591064453125, 0.9528301954269409]
[0.8906403705477715, 0.41636478900909424, 0.7937447428703308, 0.794069766998291, 0.40674591064453125, 0.9528301954269409]
[0.8906403705477715, 0.41636478900909424, 0.7937447428703308, 0.794069766998291, 0.40674591064453125, 0.9528301954269409]
[0.8906403705477715, 0.41636478900909424, 0.7937447428703308, 0.794069766998291, 0.40674591064453125, 0.9528301954269409]
['TWWVFRWLVR']
[0.8906403705477715, 0.41636478900909424, 38.680267333984375, 7.94069766998291, 0.40674591064453125, 0.9528301954269409]
Weight Vector: tensor([1., 1., 1., 4., 4., 2.], device='cuda:0')
[0.8386657685041428, 0.3318437933921814, 0.0, 0.504499614238739, 0.2384740114212036, 0.9905660152435303]
[0.8386657685041428, 0.3318437933921814, 0.0, 0.504499614238739, 0.2384740114212036, 0.9905660152435303]
[0.8386657685041428, 0.3318437933921814, 0.0, 0.504499614238739, 0.2384740114212036, 0.9905660152435303]
[0.8386657685041428, 0.3318437933921814, 0.0, 0.504499614238739, 0.2384740114212036, 0.9905660152435303]
[0.8386657685041428, 0.3318437933921814, 0.0, 0.504499614238739, 0.2384740114212036, 0.9905660152435303]
[0.8386657685041428, 0.3318437933921814, 0.0, 0.504499614238739, 0.2384740114212036, 0.9905660152435303]
[0.8386657685041428, 0.3318437933921814, 0.0, 0.504499614238739, 0.2384740114212036, 0.9905660152435303]
[0.8386657685041428, 0.3318437933921814, 0.0, 0.504499614238739, 0.2384740114212036, 0.9905660152435303]
[0.8386657685041428, 0.3318437933921814, 0.0, 0.504499614238739, 0.2384740114212036, 0.9905660152435303]
[0.8386657685041428, 0.3318437933921814, 0.0, 0.504499614238739, 0.2384740114212036, 0.9905660152435303]
[0.8386657685041428, 0.3318437933921814, 0.0, 0.504499614238739, 0.2384740114212036, 0.9905660152435303]
[0.8386657685041428, 0.3318437933921814, 0.0, 0.504499614238739, 0.2384740114212036, 0.9905660152435303]
[0.8386657685041428, 0.3318437933921814, 0.0, 0.504499614238739, 0.2384740114212036, 0.9905660152435303]
[0.8386657685041428, 0.3318437933921814, 0.0, 0.504499614238739, 0.2384740114212036, 0.9905660152435303]
[0.8386657685041428, 0.3318437933921814, 0.0, 0.504499614238739, 0.2384740114212036, 0.9905660152435303]
Jump!
[0.8927228972315788, 0.6382546424865723, 0.007981657981872559, 0.5047923922538757, 0.34874382615089417, 0.9905660152435303]
[0.8927228972315788, 0.6382546424865723, 0.007981657981872559, 0.5047923922538757, 0.34874382615089417, 0.9905660152435303]
[0.8927228972315788, 0.6382546424865723, 0.007981657981872559, 0.5047923922538757, 0.34874382615089417, 0.9905660152435303]
[0.8927228972315788, 0.6382546424865723, 0.007981657981872559, 0.5047923922538757, 0.34874382615089417, 0.9905660152435303]
[0.8927228972315788, 0.6382546424865723, 0.007981657981872559, 0.5047923922538757, 0.34874382615089417, 0.9905660152435303]
[0.8927228972315788, 0.6382546424865723, 0.007981657981872559, 0.5047923922538757, 0.34874382615089417, 0.9905660152435303]
[0.8927228972315788, 0.6382546424865723, 0.007981657981872559, 0.5047923922538757, 0.34874382615089417, 0.9905660152435303]
[0.8927228972315788, 0.6382546424865723, 0.007981657981872559, 0.5047923922538757, 0.34874382615089417, 0.9905660152435303]
[0.8927228972315788, 0.6382546424865723, 0.007981657981872559, 0.5047923922538757, 0.34874382615089417, 0.9905660152435303]
[0.8927228972315788, 0.6382546424865723, 0.007981657981872559, 0.5047923922538757, 0.34874382615089417, 0.9905660152435303]
Jump!
[0.879474826157093, 0.7387853860855103, 0.0, 0.5000807046890259, 0.3684346675872803, 0.9905660152435303]
Jump!
[0.8959853053092957, 0.6516600847244263, 0.0, 0.5027942061424255, 0.3709507882595062, 0.9905660152435303]
[0.8959853053092957, 0.6516600847244263, 0.0, 0.5027942061424255, 0.3709507882595062, 0.9905660152435303]
[0.8959853053092957, 0.6516600847244263, 0.0, 0.5027942061424255, 0.3709507882595062, 0.9905660152435303]
[0.8959853053092957, 0.6516600847244263, 0.0, 0.5027942061424255, 0.3709507882595062, 0.9905660152435303]
[0.8959853053092957, 0.6516600847244263, 0.0, 0.5027942061424255, 0.3709507882595062, 0.9905660152435303]
[0.8959853053092957, 0.6516600847244263, 0.0, 0.5027942061424255, 0.3709507882595062, 0.9905660152435303]
[0.8959853053092957, 0.6516600847244263, 0.0, 0.5027942061424255, 0.3709507882595062, 0.9905660152435303]
[0.8959853053092957, 0.6516600847244263, 0.0, 0.5027942061424255, 0.3709507882595062, 0.9905660152435303]
[0.8959853053092957, 0.6516600847244263, 0.0, 0.5027942061424255, 0.3709507882595062, 0.9905660152435303]
Jump!
[0.8552142083644867, 0.8405593037605286, 0.0, 0.5149248242378235, 0.4026678800582886, 0.9905660152435303]
[0.8552142083644867, 0.8405593037605286, 0.0, 0.5149248242378235, 0.4026678800582886, 0.9905660152435303]
[0.8552142083644867, 0.8405593037605286, 0.0, 0.5149248242378235, 0.4026678800582886, 0.9905660152435303]
[0.8552142083644867, 0.8405593037605286, 0.0, 0.5149248242378235, 0.4026678800582886, 0.9905660152435303]
[0.8552142083644867, 0.8405593037605286, 0.0, 0.5149248242378235, 0.4026678800582886, 0.9905660152435303]
Jump!
[0.9018546864390373, 0.86751788854599, 0.0, 0.5235486030578613, 0.4218686819076538, 0.9905660152435303]
[0.9018546864390373, 0.86751788854599, 0.0, 0.5235486030578613, 0.4218686819076538, 0.9905660152435303]
[0.9018546864390373, 0.86751788854599, 0.0, 0.5235486030578613, 0.4218686819076538, 0.9905660152435303]
[0.9018546864390373, 0.86751788854599, 0.0, 0.5235486030578613, 0.4218686819076538, 0.9905660152435303]
[0.9018546864390373, 0.86751788854599, 0.0, 0.5235486030578613, 0.4218686819076538, 0.9905660152435303]
Jump!
[0.8660526871681213, 0.8741446137428284, 0.0, 0.5427312850952148, 0.4451567828655243, 0.9716981053352356]
[0.8660526871681213, 0.8741446137428284, 0.0, 0.5427312850952148, 0.4451567828655243, 0.9716981053352356]
[0.8660526871681213, 0.8741446137428284, 0.0, 0.5427312850952148, 0.4451567828655243, 0.9716981053352356]
[0.8660526871681213, 0.8741446137428284, 0.0, 0.5427312850952148, 0.4451567828655243, 0.9716981053352356]
Jump!
[0.9091282412409782, 0.8647122979164124, 0.0017252713441848755, 0.5527645945549011, 0.44035449624061584, 0.9905660152435303]
[0.9091282412409782, 0.8647122979164124, 0.0017252713441848755, 0.5527645945549011, 0.44035449624061584, 0.9905660152435303]
Jump!
[0.9062679931521416, 0.8876367807388306, 0.011503241956233978, 0.6062847971916199, 0.41445794701576233, 0.9905660152435303]
[0.9062679931521416, 0.8876367807388306, 0.011503241956233978, 0.6062847971916199, 0.41445794701576233, 0.9905660152435303]
[0.9062679931521416, 0.8876367807388306, 0.011503241956233978, 0.6062847971916199, 0.41445794701576233, 0.9905660152435303]
[0.9062679931521416, 0.8876367807388306, 0.011503241956233978, 0.6062847971916199, 0.41445794701576233, 0.9905660152435303]
[0.9062679931521416, 0.8876367807388306, 0.011503241956233978, 0.6062847971916199, 0.41445794701576233, 0.9905660152435303]
[0.9062679931521416, 0.8876367807388306, 0.011503241956233978, 0.6062847971916199, 0.41445794701576233, 0.9905660152435303]
[0.9062679931521416, 0.8876367807388306, 0.011503241956233978, 0.6062847971916199, 0.41445794701576233, 0.9905660152435303]
[0.9062679931521416, 0.8876367807388306, 0.011503241956233978, 0.6062847971916199, 0.41445794701576233, 0.9905660152435303]
[0.9062679931521416, 0.8876367807388306, 0.011503241956233978, 0.6062847971916199, 0.41445794701576233, 0.9905660152435303]
[0.9062679931521416, 0.8876367807388306, 0.011503241956233978, 0.6062847971916199, 0.41445794701576233, 0.9905660152435303]
[0.9062679931521416, 0.8876367807388306, 0.011503241956233978, 0.6062847971916199, 0.41445794701576233, 0.9905660152435303]
[0.9062679931521416, 0.8876367807388306, 0.011503241956233978, 0.6062847971916199, 0.41445794701576233, 0.9905660152435303]
[0.9062679931521416, 0.8876367807388306, 0.011503241956233978, 0.6062847971916199, 0.41445794701576233, 0.9905660152435303]
[0.9062679931521416, 0.8876367807388306, 0.011503241956233978, 0.6062847971916199, 0.41445794701576233, 0.9905660152435303]
[0.9062679931521416, 0.8876367807388306, 0.011503241956233978, 0.6062847971916199, 0.41445794701576233, 0.9905660152435303]
[0.9062679931521416, 0.8876367807388306, 0.011503241956233978, 0.6062847971916199, 0.41445794701576233, 0.9905660152435303]
[0.9062679931521416, 0.8876367807388306, 0.011503241956233978, 0.6062847971916199, 0.41445794701576233, 0.9905660152435303]
[0.9062679931521416, 0.8876367807388306, 0.011503241956233978, 0.6062847971916199, 0.41445794701576233, 0.9905660152435303]
[0.9062679931521416, 0.8876367807388306, 0.011503241956233978, 0.6062847971916199, 0.41445794701576233, 0.9905660152435303]
[0.9062679931521416, 0.8876367807388306, 0.011503241956233978, 0.6062847971916199, 0.41445794701576233, 0.9905660152435303]
[0.9062679931521416, 0.8876367807388306, 0.011503241956233978, 0.6062847971916199, 0.41445794701576233, 0.9905660152435303]
[0.9062679931521416, 0.8876367807388306, 0.011503241956233978, 0.6062847971916199, 0.41445794701576233, 0.9905660152435303]
[0.9062679931521416, 0.8876367807388306, 0.011503241956233978, 0.6062847971916199, 0.41445794701576233, 0.9905660152435303]
[0.9062679931521416, 0.8876367807388306, 0.011503241956233978, 0.6062847971916199, 0.41445794701576233, 0.9905660152435303]
[0.9062679931521416, 0.8876367807388306, 0.011503241956233978, 0.6062847971916199, 0.41445794701576233, 0.9905660152435303]
[0.9062679931521416, 0.8876367807388306, 0.011503241956233978, 0.6062847971916199, 0.41445794701576233, 0.9905660152435303]
[0.9062679931521416, 0.8876367807388306, 0.011503241956233978, 0.6062847971916199, 0.41445794701576233, 0.9905660152435303]
[0.9062679931521416, 0.8876367807388306, 0.011503241956233978, 0.6062847971916199, 0.41445794701576233, 0.9905660152435303]
[0.9062679931521416, 0.8876367807388306, 0.011503241956233978, 0.6062847971916199, 0.41445794701576233, 0.9905660152435303]
[0.9062679931521416, 0.8876367807388306, 0.011503241956233978, 0.6062847971916199, 0.41445794701576233, 0.9905660152435303]
[0.9062679931521416, 0.8876367807388306, 0.011503241956233978, 0.6062847971916199, 0.41445794701576233, 0.9905660152435303]
[0.9062679931521416, 0.8876367807388306, 0.011503241956233978, 0.6062847971916199, 0.41445794701576233, 0.9905660152435303]
[0.9062679931521416, 0.8876367807388306, 0.011503241956233978, 0.6062847971916199, 0.41445794701576233, 0.9905660152435303]
[0.9062679931521416, 0.8876367807388306, 0.011503241956233978, 0.6062847971916199, 0.41445794701576233, 0.9905660152435303]
[0.9062679931521416, 0.8876367807388306, 0.011503241956233978, 0.6062847971916199, 0.41445794701576233, 0.9905660152435303]
[0.9062679931521416, 0.8876367807388306, 0.011503241956233978, 0.6062847971916199, 0.41445794701576233, 0.9905660152435303]
[0.9062679931521416, 0.8876367807388306, 0.011503241956233978, 0.6062847971916199, 0.41445794701576233, 0.9905660152435303]
[0.9062679931521416, 0.8876367807388306, 0.011503241956233978, 0.6062847971916199, 0.41445794701576233, 0.9905660152435303]
[0.9062679931521416, 0.8876367807388306, 0.011503241956233978, 0.6062847971916199, 0.41445794701576233, 0.9905660152435303]
[0.9062679931521416, 0.8876367807388306, 0.011503241956233978, 0.6062847971916199, 0.41445794701576233, 0.9905660152435303]
[0.9062679931521416, 0.8876367807388306, 0.011503241956233978, 0.6062847971916199, 0.41445794701576233, 0.9905660152435303]
[0.9062679931521416, 0.8876367807388306, 0.011503241956233978, 0.6062847971916199, 0.41445794701576233, 0.9905660152435303]
[0.9062679931521416, 0.8876367807388306, 0.011503241956233978, 0.6062847971916199, 0.41445794701576233, 0.9905660152435303]
[0.9062679931521416, 0.8876367807388306, 0.011503241956233978, 0.6062847971916199, 0.41445794701576233, 0.9905660152435303]
[0.9062679931521416, 0.8876367807388306, 0.011503241956233978, 0.6062847971916199, 0.41445794701576233, 0.9905660152435303]
[0.9062679931521416, 0.8876367807388306, 0.011503241956233978, 0.6062847971916199, 0.41445794701576233, 0.9905660152435303]
[0.9062679931521416, 0.8876367807388306, 0.011503241956233978, 0.6062847971916199, 0.41445794701576233, 0.9905660152435303]
[0.9062679931521416, 0.8876367807388306, 0.011503241956233978, 0.6062847971916199, 0.41445794701576233, 0.9905660152435303]
[0.9062679931521416, 0.8876367807388306, 0.011503241956233978, 0.6062847971916199, 0.41445794701576233, 0.9905660152435303]
['GDWPTATKVN']
[0.9062679931521416, 0.8876367807388306, 1.0544025897979736, 6.062848091125488, 0.41445794701576233, 0.9905660152435303]
Weight Vector: tensor([1., 1., 1., 4., 4., 2.], device='cuda:0')
[0.7974172085523605, 0.14163720607757568, 0.0, 0.49358150362968445, 0.3199675381183624, 0.8679245114326477]
[0.7974172085523605, 0.14163720607757568, 0.0, 0.49358150362968445, 0.3199675381183624, 0.8679245114326477]
[0.7974172085523605, 0.14163720607757568, 0.0, 0.49358150362968445, 0.3199675381183624, 0.8679245114326477]
[0.7974172085523605, 0.14163720607757568, 0.0, 0.49358150362968445, 0.3199675381183624, 0.8679245114326477]
[0.7974172085523605, 0.14163720607757568, 0.0, 0.49358150362968445, 0.3199675381183624, 0.8679245114326477]
[0.7974172085523605, 0.14163720607757568, 0.0, 0.49358150362968445, 0.3199675381183624, 0.8679245114326477]
[0.7974172085523605, 0.14163720607757568, 0.0, 0.49358150362968445, 0.3199675381183624, 0.8679245114326477]
[0.7974172085523605, 0.14163720607757568, 0.0, 0.49358150362968445, 0.3199675381183624, 0.8679245114326477]
[0.7974172085523605, 0.14163720607757568, 0.0, 0.49358150362968445, 0.3199675381183624, 0.8679245114326477]
[0.7974172085523605, 0.14163720607757568, 0.0, 0.49358150362968445, 0.3199675381183624, 0.8679245114326477]
[0.7974172085523605, 0.14163720607757568, 0.0, 0.49358150362968445, 0.3199675381183624, 0.8679245114326477]
[0.7974172085523605, 0.14163720607757568, 0.0, 0.49358150362968445, 0.3199675381183624, 0.8679245114326477]
[0.7974172085523605, 0.14163720607757568, 0.0, 0.49358150362968445, 0.3199675381183624, 0.8679245114326477]
[0.7974172085523605, 0.14163720607757568, 0.0, 0.49358150362968445, 0.3199675381183624, 0.8679245114326477]
[0.7974172085523605, 0.14163720607757568, 0.0, 0.49358150362968445, 0.3199675381183624, 0.8679245114326477]
[0.7974172085523605, 0.14163720607757568, 0.0, 0.49358150362968445, 0.3199675381183624, 0.8679245114326477]
[0.7974172085523605, 0.14163720607757568, 0.0, 0.49358150362968445, 0.3199675381183624, 0.8679245114326477]
Jump!
[0.8023216873407364, 0.12226791679859161, 0.0, 0.5034254193305969, 0.3852878212928772, 0.8301886916160583]
[0.8023216873407364, 0.12226791679859161, 0.0, 0.5034254193305969, 0.3852878212928772, 0.8301886916160583]
[0.8023216873407364, 0.12226791679859161, 0.0, 0.5034254193305969, 0.3852878212928772, 0.8301886916160583]
[0.8023216873407364, 0.12226791679859161, 0.0, 0.5034254193305969, 0.3852878212928772, 0.8301886916160583]
[0.8023216873407364, 0.12226791679859161, 0.0, 0.5034254193305969, 0.3852878212928772, 0.8301886916160583]
[0.8023216873407364, 0.12226791679859161, 0.0, 0.5034254193305969, 0.3852878212928772, 0.8301886916160583]
[0.8023216873407364, 0.12226791679859161, 0.0, 0.5034254193305969, 0.3852878212928772, 0.8301886916160583]
[0.8023216873407364, 0.12226791679859161, 0.0, 0.5034254193305969, 0.3852878212928772, 0.8301886916160583]
[0.8023216873407364, 0.12226791679859161, 0.0, 0.5034254193305969, 0.3852878212928772, 0.8301886916160583]
[0.8023216873407364, 0.12226791679859161, 0.0, 0.5034254193305969, 0.3852878212928772, 0.8301886916160583]
[0.8023216873407364, 0.12226791679859161, 0.0, 0.5034254193305969, 0.3852878212928772, 0.8301886916160583]
[0.8023216873407364, 0.12226791679859161, 0.0, 0.5034254193305969, 0.3852878212928772, 0.8301886916160583]
Jump!
[0.8763885125517845, 0.16474850475788116, 0.0, 0.504603385925293, 0.3922187387943268, 0.801886796951294]
Jump!
[0.8617392182350159, 0.17877213656902313, 0.0, 0.5250219702720642, 0.41395023465156555, 0.7924528121948242]
[0.8617392182350159, 0.17877213656902313, 0.0, 0.5250219702720642, 0.41395023465156555, 0.7924528121948242]
[0.8617392182350159, 0.17877213656902313, 0.0, 0.5250219702720642, 0.41395023465156555, 0.7924528121948242]
[0.8617392182350159, 0.17877213656902313, 0.0, 0.5250219702720642, 0.41395023465156555, 0.7924528121948242]
[0.8617392182350159, 0.17877213656902313, 0.0, 0.5250219702720642, 0.41395023465156555, 0.7924528121948242]
[0.8617392182350159, 0.17877213656902313, 0.0, 0.5250219702720642, 0.41395023465156555, 0.7924528121948242]
[0.8617392182350159, 0.17877213656902313, 0.0, 0.5250219702720642, 0.41395023465156555, 0.7924528121948242]
Jump!
[0.8477232456207275, 0.4671028256416321, 0.0, 0.5204081535339355, 0.4245195686817169, 0.9245283007621765]
[0.8477232456207275, 0.4671028256416321, 0.0, 0.5204081535339355, 0.4245195686817169, 0.9245283007621765]
Jump!
[0.7701628804206848, 0.3162161409854889, 0.0, 0.6070457100868225, 0.4390166103839874, 0.9245283007621765]
[0.7701628804206848, 0.3162161409854889, 0.0, 0.6070457100868225, 0.4390166103839874, 0.9245283007621765]
Jump!
[0.8392975926399231, 0.20891617238521576, 0.0, 0.6263388395309448, 0.4388958811759949, 0.9056603908538818]
[0.8392975926399231, 0.20891617238521576, 0.0, 0.6263388395309448, 0.4388958811759949, 0.9056603908538818]
[0.8392975926399231, 0.20891617238521576, 0.0, 0.6263388395309448, 0.4388958811759949, 0.9056603908538818]
[0.8392975926399231, 0.20891617238521576, 0.0, 0.6263388395309448, 0.4388958811759949, 0.9056603908538818]
[0.8392975926399231, 0.20891617238521576, 0.0, 0.6263388395309448, 0.4388958811759949, 0.9056603908538818]
[0.8392975926399231, 0.20891617238521576, 0.0, 0.6263388395309448, 0.4388958811759949, 0.9056603908538818]
[0.8392975926399231, 0.20891617238521576, 0.0, 0.6263388395309448, 0.4388958811759949, 0.9056603908538818]
[0.8392975926399231, 0.20891617238521576, 0.0, 0.6263388395309448, 0.4388958811759949, 0.9056603908538818]
[0.8392975926399231, 0.20891617238521576, 0.0, 0.6263388395309448, 0.4388958811759949, 0.9056603908538818]
[0.8392975926399231, 0.20891617238521576, 0.0, 0.6263388395309448, 0.4388958811759949, 0.9056603908538818]
[0.8392975926399231, 0.20891617238521576, 0.0, 0.6263388395309448, 0.4388958811759949, 0.9056603908538818]
[0.8392975926399231, 0.20891617238521576, 0.0, 0.6263388395309448, 0.4388958811759949, 0.9056603908538818]
[0.8392975926399231, 0.20891617238521576, 0.0, 0.6263388395309448, 0.4388958811759949, 0.9056603908538818]
[0.8392975926399231, 0.20891617238521576, 0.0, 0.6263388395309448, 0.4388958811759949, 0.9056603908538818]
[0.8392975926399231, 0.20891617238521576, 0.0, 0.6263388395309448, 0.4388958811759949, 0.9056603908538818]
[0.8392975926399231, 0.20891617238521576, 0.0, 0.6263388395309448, 0.4388958811759949, 0.9056603908538818]
[0.8392975926399231, 0.20891617238521576, 0.0, 0.6263388395309448, 0.4388958811759949, 0.9056603908538818]
[0.8392975926399231, 0.20891617238521576, 0.0, 0.6263388395309448, 0.4388958811759949, 0.9056603908538818]
[0.8392975926399231, 0.20891617238521576, 0.0, 0.6263388395309448, 0.4388958811759949, 0.9056603908538818]
[0.8392975926399231, 0.20891617238521576, 0.0, 0.6263388395309448, 0.4388958811759949, 0.9056603908538818]
[0.8392975926399231, 0.20891617238521576, 0.0, 0.6263388395309448, 0.4388958811759949, 0.9056603908538818]
[0.8392975926399231, 0.20891617238521576, 0.0, 0.6263388395309448, 0.4388958811759949, 0.9056603908538818]
[0.8392975926399231, 0.20891617238521576, 0.0, 0.6263388395309448, 0.4388958811759949, 0.9056603908538818]
[0.8392975926399231, 0.20891617238521576, 0.0, 0.6263388395309448, 0.4388958811759949, 0.9056603908538818]
[0.8392975926399231, 0.20891617238521576, 0.0, 0.6263388395309448, 0.4388958811759949, 0.9056603908538818]
[0.8392975926399231, 0.20891617238521576, 0.0, 0.6263388395309448, 0.4388958811759949, 0.9056603908538818]
[0.8392975926399231, 0.20891617238521576, 0.0, 0.6263388395309448, 0.4388958811759949, 0.9056603908538818]
[0.8392975926399231, 0.20891617238521576, 0.0, 0.6263388395309448, 0.4388958811759949, 0.9056603908538818]
[0.8392975926399231, 0.20891617238521576, 0.0, 0.6263388395309448, 0.4388958811759949, 0.9056603908538818]
[0.8392975926399231, 0.20891617238521576, 0.0, 0.6263388395309448, 0.4388958811759949, 0.9056603908538818]
[0.8392975926399231, 0.20891617238521576, 0.0, 0.6263388395309448, 0.4388958811759949, 0.9056603908538818]
[0.8392975926399231, 0.20891617238521576, 0.0, 0.6263388395309448, 0.4388958811759949, 0.9056603908538818]
[0.8392975926399231, 0.20891617238521576, 0.0, 0.6263388395309448, 0.4388958811759949, 0.9056603908538818]
[0.8392975926399231, 0.20891617238521576, 0.0, 0.6263388395309448, 0.4388958811759949, 0.9056603908538818]
[0.8392975926399231, 0.20891617238521576, 0.0, 0.6263388395309448, 0.4388958811759949, 0.9056603908538818]
[0.8392975926399231, 0.20891617238521576, 0.0, 0.6263388395309448, 0.4388958811759949, 0.9056603908538818]
[0.8392975926399231, 0.20891617238521576, 0.0, 0.6263388395309448, 0.4388958811759949, 0.9056603908538818]
[0.8392975926399231, 0.20891617238521576, 0.0, 0.6263388395309448, 0.4388958811759949, 0.9056603908538818]
[0.8392975926399231, 0.20891617238521576, 0.0, 0.6263388395309448, 0.4388958811759949, 0.9056603908538818]
[0.8392975926399231, 0.20891617238521576, 0.0, 0.6263388395309448, 0.4388958811759949, 0.9056603908538818]
[0.8392975926399231, 0.20891617238521576, 0.0, 0.6263388395309448, 0.4388958811759949, 0.9056603908538818]
[0.8392975926399231, 0.20891617238521576, 0.0, 0.6263388395309448, 0.4388958811759949, 0.9056603908538818]
[0.8392975926399231, 0.20891617238521576, 0.0, 0.6263388395309448, 0.4388958811759949, 0.9056603908538818]
[0.8392975926399231, 0.20891617238521576, 0.0, 0.6263388395309448, 0.4388958811759949, 0.9056603908538818]
[0.8392975926399231, 0.20891617238521576, 0.0, 0.6263388395309448, 0.4388958811759949, 0.9056603908538818]
Jump!
[0.7295891046524048, 0.2070690244436264, 0.0, 0.6168334484100342, 0.45115190744400024, 0.9245283007621765]
[0.7295891046524048, 0.2070690244436264, 0.0, 0.6168334484100342, 0.45115190744400024, 0.9245283007621765]
[0.7295891046524048, 0.2070690244436264, 0.0, 0.6168334484100342, 0.45115190744400024, 0.9245283007621765]
[0.7295891046524048, 0.2070690244436264, 0.0, 0.6168334484100342, 0.45115190744400024, 0.9245283007621765]
[0.7295891046524048, 0.2070690244436264, 0.0, 0.6168334484100342, 0.45115190744400024, 0.9245283007621765]
[0.7295891046524048, 0.2070690244436264, 0.0, 0.6168334484100342, 0.45115190744400024, 0.9245283007621765]
[0.7295891046524048, 0.2070690244436264, 0.0, 0.6168334484100342, 0.45115190744400024, 0.9245283007621765]
[0.7295891046524048, 0.2070690244436264, 0.0, 0.6168334484100342, 0.45115190744400024, 0.9245283007621765]
[0.7295891046524048, 0.2070690244436264, 0.0, 0.6168334484100342, 0.45115190744400024, 0.9245283007621765]
[0.7295891046524048, 0.2070690244436264, 0.0, 0.6168334484100342, 0.45115190744400024, 0.9245283007621765]
[0.7295891046524048, 0.2070690244436264, 0.0, 0.6168334484100342, 0.45115190744400024, 0.9245283007621765]
[0.7295891046524048, 0.2070690244436264, 0.0, 0.6168334484100342, 0.45115190744400024, 0.9245283007621765]
[0.7295891046524048, 0.2070690244436264, 0.0, 0.6168334484100342, 0.45115190744400024, 0.9245283007621765]
[0.7295891046524048, 0.2070690244436264, 0.0, 0.6168334484100342, 0.45115190744400024, 0.9245283007621765]
['VPYVGLNYRL']
[0.7295891046524048, 0.2070690244436264, 1.0, 6.168334484100342, 0.45115190744400024, 0.9245283007621765]
Weight Vector: tensor([1., 1., 1., 4., 4., 2.], device='cuda:0')
[0.8357964158058167, 0.46770086884498596, 0.0, 0.47462186217308044, 0.30406609177589417, 0.9905660152435303]
[0.8357964158058167, 0.46770086884498596, 0.0, 0.47462186217308044, 0.30406609177589417, 0.9905660152435303]
Jump!
[0.8426906317472458, 0.5951611995697021, 0.0, 0.4840109050273895, 0.3197655975818634, 0.9905660152435303]
[0.8426906317472458, 0.5951611995697021, 0.0, 0.4840109050273895, 0.3197655975818634, 0.9905660152435303]
[0.8426906317472458, 0.5951611995697021, 0.0, 0.4840109050273895, 0.3197655975818634, 0.9905660152435303]
[0.8426906317472458, 0.5951611995697021, 0.0, 0.4840109050273895, 0.3197655975818634, 0.9905660152435303]
[0.8426906317472458, 0.5951611995697021, 0.0, 0.4840109050273895, 0.3197655975818634, 0.9905660152435303]
[0.8426906317472458, 0.5951611995697021, 0.0, 0.4840109050273895, 0.3197655975818634, 0.9905660152435303]
[0.8426906317472458, 0.5951611995697021, 0.0, 0.4840109050273895, 0.3197655975818634, 0.9905660152435303]
[0.8426906317472458, 0.5951611995697021, 0.0, 0.4840109050273895, 0.3197655975818634, 0.9905660152435303]
[0.8426906317472458, 0.5951611995697021, 0.0, 0.4840109050273895, 0.3197655975818634, 0.9905660152435303]
[0.8426906317472458, 0.5951611995697021, 0.0, 0.4840109050273895, 0.3197655975818634, 0.9905660152435303]
[0.8426906317472458, 0.5951611995697021, 0.0, 0.4840109050273895, 0.3197655975818634, 0.9905660152435303]
[0.8426906317472458, 0.5951611995697021, 0.0, 0.4840109050273895, 0.3197655975818634, 0.9905660152435303]
[0.8426906317472458, 0.5951611995697021, 0.0, 0.4840109050273895, 0.3197655975818634, 0.9905660152435303]
[0.8426906317472458, 0.5951611995697021, 0.0, 0.4840109050273895, 0.3197655975818634, 0.9905660152435303]
[0.8426906317472458, 0.5951611995697021, 0.0, 0.4840109050273895, 0.3197655975818634, 0.9905660152435303]
[0.8426906317472458, 0.5951611995697021, 0.0, 0.4840109050273895, 0.3197655975818634, 0.9905660152435303]
[0.8426906317472458, 0.5951611995697021, 0.0, 0.4840109050273895, 0.3197655975818634, 0.9905660152435303]
[0.8426906317472458, 0.5951611995697021, 0.0, 0.4840109050273895, 0.3197655975818634, 0.9905660152435303]
[0.8426906317472458, 0.5951611995697021, 0.0, 0.4840109050273895, 0.3197655975818634, 0.9905660152435303]
[0.8426906317472458, 0.5951611995697021, 0.0, 0.4840109050273895, 0.3197655975818634, 0.9905660152435303]
[0.8426906317472458, 0.5951611995697021, 0.0, 0.4840109050273895, 0.3197655975818634, 0.9905660152435303]
[0.8426906317472458, 0.5951611995697021, 0.0, 0.4840109050273895, 0.3197655975818634, 0.9905660152435303]
[0.8426906317472458, 0.5951611995697021, 0.0, 0.4840109050273895, 0.3197655975818634, 0.9905660152435303]
[0.8426906317472458, 0.5951611995697021, 0.0, 0.4840109050273895, 0.3197655975818634, 0.9905660152435303]
Jump!
[0.8170832246541977, 0.41333866119384766, 0.0, 0.49852481484413147, 0.3430319130420685, 0.9905660152435303]
[0.8170832246541977, 0.41333866119384766, 0.0, 0.49852481484413147, 0.3430319130420685, 0.9905660152435303]
[0.8170832246541977, 0.41333866119384766, 0.0, 0.49852481484413147, 0.3430319130420685, 0.9905660152435303]
[0.8170832246541977, 0.41333866119384766, 0.0, 0.49852481484413147, 0.3430319130420685, 0.9905660152435303]
[0.8170832246541977, 0.41333866119384766, 0.0, 0.49852481484413147, 0.3430319130420685, 0.9905660152435303]
[0.8170832246541977, 0.41333866119384766, 0.0, 0.49852481484413147, 0.3430319130420685, 0.9905660152435303]
Jump!
[0.8176779448986053, 0.6224527359008789, 0.0, 0.4878110885620117, 0.36762070655822754, 0.9905660152435303]
[0.8176779448986053, 0.6224527359008789, 0.0, 0.4878110885620117, 0.36762070655822754, 0.9905660152435303]
[0.8176779448986053, 0.6224527359008789, 0.0, 0.4878110885620117, 0.36762070655822754, 0.9905660152435303]
[0.8176779448986053, 0.6224527359008789, 0.0, 0.4878110885620117, 0.36762070655822754, 0.9905660152435303]
[0.8176779448986053, 0.6224527359008789, 0.0, 0.4878110885620117, 0.36762070655822754, 0.9905660152435303]
[0.8176779448986053, 0.6224527359008789, 0.0, 0.4878110885620117, 0.36762070655822754, 0.9905660152435303]
[0.8176779448986053, 0.6224527359008789, 0.0, 0.4878110885620117, 0.36762070655822754, 0.9905660152435303]
[0.8176779448986053, 0.6224527359008789, 0.0, 0.4878110885620117, 0.36762070655822754, 0.9905660152435303]
[0.8176779448986053, 0.6224527359008789, 0.0, 0.4878110885620117, 0.36762070655822754, 0.9905660152435303]
[0.8176779448986053, 0.6224527359008789, 0.0, 0.4878110885620117, 0.36762070655822754, 0.9905660152435303]
[0.8176779448986053, 0.6224527359008789, 0.0, 0.4878110885620117, 0.36762070655822754, 0.9905660152435303]
Jump!
[0.8099761605262756, 0.6944719552993774, 0.18547877669334412, 0.5229083895683289, 0.38982313871383667, 0.9905660152435303]
[0.8099761605262756, 0.6944719552993774, 0.18547877669334412, 0.5229083895683289, 0.38982313871383667, 0.9905660152435303]
[0.8099761605262756, 0.6944719552993774, 0.18547877669334412, 0.5229083895683289, 0.38982313871383667, 0.9905660152435303]
[0.8099761605262756, 0.6944719552993774, 0.18547877669334412, 0.5229083895683289, 0.38982313871383667, 0.9905660152435303]
[0.8099761605262756, 0.6944719552993774, 0.18547877669334412, 0.5229083895683289, 0.38982313871383667, 0.9905660152435303]
[0.8099761605262756, 0.6944719552993774, 0.18547877669334412, 0.5229083895683289, 0.38982313871383667, 0.9905660152435303]
[0.8099761605262756, 0.6944719552993774, 0.18547877669334412, 0.5229083895683289, 0.38982313871383667, 0.9905660152435303]
[0.8099761605262756, 0.6944719552993774, 0.18547877669334412, 0.5229083895683289, 0.38982313871383667, 0.9905660152435303]
[0.8099761605262756, 0.6944719552993774, 0.18547877669334412, 0.5229083895683289, 0.38982313871383667, 0.9905660152435303]
[0.8099761605262756, 0.6944719552993774, 0.18547877669334412, 0.5229083895683289, 0.38982313871383667, 0.9905660152435303]
[0.8099761605262756, 0.6944719552993774, 0.18547877669334412, 0.5229083895683289, 0.38982313871383667, 0.9905660152435303]
[0.8099761605262756, 0.6944719552993774, 0.18547877669334412, 0.5229083895683289, 0.38982313871383667, 0.9905660152435303]
[0.8099761605262756, 0.6944719552993774, 0.18547877669334412, 0.5229083895683289, 0.38982313871383667, 0.9905660152435303]
[0.8099761605262756, 0.6944719552993774, 0.18547877669334412, 0.5229083895683289, 0.38982313871383667, 0.9905660152435303]
[0.8099761605262756, 0.6944719552993774, 0.18547877669334412, 0.5229083895683289, 0.38982313871383667, 0.9905660152435303]
[0.8099761605262756, 0.6944719552993774, 0.18547877669334412, 0.5229083895683289, 0.38982313871383667, 0.9905660152435303]
[0.8099761605262756, 0.6944719552993774, 0.18547877669334412, 0.5229083895683289, 0.38982313871383667, 0.9905660152435303]
[0.8099761605262756, 0.6944719552993774, 0.18547877669334412, 0.5229083895683289, 0.38982313871383667, 0.9905660152435303]
[0.8099761605262756, 0.6944719552993774, 0.18547877669334412, 0.5229083895683289, 0.38982313871383667, 0.9905660152435303]
[0.8099761605262756, 0.6944719552993774, 0.18547877669334412, 0.5229083895683289, 0.38982313871383667, 0.9905660152435303]
[0.8099761605262756, 0.6944719552993774, 0.18547877669334412, 0.5229083895683289, 0.38982313871383667, 0.9905660152435303]
Jump!
[0.8575444221496582, 0.7075169086456299, 0.32428959012031555, 0.5616447329521179, 0.42720863223075867, 0.9339622855186462]
Jump!
[0.832549512386322, 0.7121286988258362, 0.4361691176891327, 0.6515815258026123, 0.4169483184814453, 0.9905660152435303]
Jump!
[0.8618787676095963, 0.7841327786445618, 0.8191763758659363, 0.6599246263504028, 0.423958957195282, 0.9811320900917053]
[0.8618787676095963, 0.7841327786445618, 0.8191763758659363, 0.6599246263504028, 0.423958957195282, 0.9811320900917053]
[0.8618787676095963, 0.7841327786445618, 0.8191763758659363, 0.6599246263504028, 0.423958957195282, 0.9811320900917053]
[0.8618787676095963, 0.7841327786445618, 0.8191763758659363, 0.6599246263504028, 0.423958957195282, 0.9811320900917053]
[0.8618787676095963, 0.7841327786445618, 0.8191763758659363, 0.6599246263504028, 0.423958957195282, 0.9811320900917053]
[0.8618787676095963, 0.7841327786445618, 0.8191763758659363, 0.6599246263504028, 0.423958957195282, 0.9811320900917053]
[0.8618787676095963, 0.7841327786445618, 0.8191763758659363, 0.6599246263504028, 0.423958957195282, 0.9811320900917053]
[0.8618787676095963, 0.7841327786445618, 0.8191763758659363, 0.6599246263504028, 0.423958957195282, 0.9811320900917053]
[0.8618787676095963, 0.7841327786445618, 0.8191763758659363, 0.6599246263504028, 0.423958957195282, 0.9811320900917053]
[0.8618787676095963, 0.7841327786445618, 0.8191763758659363, 0.6599246263504028, 0.423958957195282, 0.9811320900917053]
[0.8618787676095963, 0.7841327786445618, 0.8191763758659363, 0.6599246263504028, 0.423958957195282, 0.9811320900917053]
[0.8618787676095963, 0.7841327786445618, 0.8191763758659363, 0.6599246263504028, 0.423958957195282, 0.9811320900917053]
[0.8618787676095963, 0.7841327786445618, 0.8191763758659363, 0.6599246263504028, 0.423958957195282, 0.9811320900917053]
[0.8618787676095963, 0.7841327786445618, 0.8191763758659363, 0.6599246263504028, 0.423958957195282, 0.9811320900917053]
[0.8618787676095963, 0.7841327786445618, 0.8191763758659363, 0.6599246263504028, 0.423958957195282, 0.9811320900917053]
[0.8618787676095963, 0.7841327786445618, 0.8191763758659363, 0.6599246263504028, 0.423958957195282, 0.9811320900917053]
[0.8618787676095963, 0.7841327786445618, 0.8191763758659363, 0.6599246263504028, 0.423958957195282, 0.9811320900917053]
[0.8618787676095963, 0.7841327786445618, 0.8191763758659363, 0.6599246263504028, 0.423958957195282, 0.9811320900917053]
[0.8618787676095963, 0.7841327786445618, 0.8191763758659363, 0.6599246263504028, 0.423958957195282, 0.9811320900917053]
[0.8618787676095963, 0.7841327786445618, 0.8191763758659363, 0.6599246263504028, 0.423958957195282, 0.9811320900917053]
[0.8618787676095963, 0.7841327786445618, 0.8191763758659363, 0.6599246263504028, 0.423958957195282, 0.9811320900917053]
Jump!
[0.9211060479283333, 0.6104093790054321, 0.8799086809158325, 0.8076238036155701, 0.37902241945266724, 0.8962264060974121]
[0.9211060479283333, 0.6104093790054321, 0.8799086809158325, 0.8076238036155701, 0.37902241945266724, 0.8962264060974121]
[0.9211060479283333, 0.6104093790054321, 0.8799086809158325, 0.8076238036155701, 0.37902241945266724, 0.8962264060974121]
[0.9211060479283333, 0.6104093790054321, 0.8799086809158325, 0.8076238036155701, 0.37902241945266724, 0.8962264060974121]
Jump!
[0.8907627090811729, 0.44825267791748047, 1.0, 0.7879059910774231, 0.4130755662918091, 0.9339622855186462]
[0.8907627090811729, 0.44825267791748047, 1.0, 0.7879059910774231, 0.4130755662918091, 0.9339622855186462]
[0.8907627090811729, 0.44825267791748047, 1.0, 0.7879059910774231, 0.4130755662918091, 0.9339622855186462]
[0.8907627090811729, 0.44825267791748047, 1.0, 0.7879059910774231, 0.4130755662918091, 0.9339622855186462]
[0.8907627090811729, 0.44825267791748047, 1.0, 0.7879059910774231, 0.4130755662918091, 0.9339622855186462]
[0.8907627090811729, 0.44825267791748047, 1.0, 0.7879059910774231, 0.4130755662918091, 0.9339622855186462]
[0.8907627090811729, 0.44825267791748047, 1.0, 0.7879059910774231, 0.4130755662918091, 0.9339622855186462]
[0.8907627090811729, 0.44825267791748047, 1.0, 0.7879059910774231, 0.4130755662918091, 0.9339622855186462]
[0.8907627090811729, 0.44825267791748047, 1.0, 0.7879059910774231, 0.4130755662918091, 0.9339622855186462]
['LAFRVIWWIT']
[0.8907627090811729, 0.44825267791748047, 100.0, 7.879059791564941, 0.4130755662918091, 0.9339622855186462]
