GPU info:
AvailableGPUs = { GPUs_GPU_2b6c08b6 }
CUDACapability = GPUs_Capability
CUDADeviceName = GPUs_DeviceName
CUDADriverVersion = GPUs_DriverVersion
CUDAGlobalMemoryMb = GPUs_GlobalMemoryMb
CUDAMaxSupportedVersion = GPUs_MaxSupportedVersion
GPUs_Capability = 8.9
GPUs_DeviceName = "NVIDIA L40"
GPUs_DevicePciBusId = "0000:53:00.0"
GPUs_DeviceUuid = "2b6c08b6-c45f-87e4-1c4f-6e96be520665"
GPUs_DriverVersion = 12.8
GPUs_ECCEnabled = true
GPUs_GPU_2b6c08b6 = [ Id = "GPU-2b6c08b6"; Capability = 8.9; DeviceName = "NVIDIA L40"; DeviceUuid = "2b6c08b6-c45f-87e4-1c4f-6e96be520665"; ECCEnabled = true; NvidiaDriver = "570.195.03"; DriverVersion = 12.8; DevicePciBusId = "0000:53:00.0"; GlobalMemoryMb = 45468; MaxSupportedVersion = 12080 ]
GPUs_GlobalMemoryMb = 45468
GPUs_MaxSupportedVersion = 12080
GPUs_NvidiaDriver = "570.195.03"
Target Motifs: [16, 17, 18, 19, 20, 21, 22, 23, 24, 25, 26, 27, 28, 29, 30, 31, 62, 63, 64, 65, 66, 67, 68, 69, 70, 71, 72, 73, 74, 75, 76, 77, 78, 79]
tensor([16, 17, 18, 19, 20, 21, 22, 23, 24, 25, 26, 27, 28, 29, 30, 31, 62, 63,
        64, 65, 66, 67, 68, 69, 70, 71, 72, 73, 74, 75, 76, 77, 78, 79],
       device='cuda:0')
Weight Vector: tensor([1., 1., 1., 4., 4., 2.], device='cuda:0')
[0.7701466530561447, 0.07182225584983826, 0.111575648188591, 0.5093945860862732, 0.3827686607837677, 0.7452830076217651]
[0.7701466530561447, 0.07182225584983826, 0.111575648188591, 0.5093945860862732, 0.3827686607837677, 0.7452830076217651]
[0.7701466530561447, 0.07182225584983826, 0.111575648188591, 0.5093945860862732, 0.3827686607837677, 0.7452830076217651]
[0.7701466530561447, 0.07182225584983826, 0.111575648188591, 0.5093945860862732, 0.3827686607837677, 0.7452830076217651]
[0.7701466530561447, 0.07182225584983826, 0.111575648188591, 0.5093945860862732, 0.3827686607837677, 0.7452830076217651]
[0.7701466530561447, 0.07182225584983826, 0.111575648188591, 0.5093945860862732, 0.3827686607837677, 0.7452830076217651]
[0.7701466530561447, 0.07182225584983826, 0.111575648188591, 0.5093945860862732, 0.3827686607837677, 0.7452830076217651]
[0.7701466530561447, 0.07182225584983826, 0.111575648188591, 0.5093945860862732, 0.3827686607837677, 0.7452830076217651]
[0.7701466530561447, 0.07182225584983826, 0.111575648188591, 0.5093945860862732, 0.3827686607837677, 0.7452830076217651]
[0.7701466530561447, 0.07182225584983826, 0.111575648188591, 0.5093945860862732, 0.3827686607837677, 0.7452830076217651]
[0.7701466530561447, 0.07182225584983826, 0.111575648188591, 0.5093945860862732, 0.3827686607837677, 0.7452830076217651]
[0.7701466530561447, 0.07182225584983826, 0.111575648188591, 0.5093945860862732, 0.3827686607837677, 0.7452830076217651]
[0.7701466530561447, 0.07182225584983826, 0.111575648188591, 0.5093945860862732, 0.3827686607837677, 0.7452830076217651]
[0.7701466530561447, 0.07182225584983826, 0.111575648188591, 0.5093945860862732, 0.3827686607837677, 0.7452830076217651]
[0.7701466530561447, 0.07182225584983826, 0.111575648188591, 0.5093945860862732, 0.3827686607837677, 0.7452830076217651]
[0.7701466530561447, 0.07182225584983826, 0.111575648188591, 0.5093945860862732, 0.3827686607837677, 0.7452830076217651]
[0.7701466530561447, 0.07182225584983826, 0.111575648188591, 0.5093945860862732, 0.3827686607837677, 0.7452830076217651]
[0.7701466530561447, 0.07182225584983826, 0.111575648188591, 0.5093945860862732, 0.3827686607837677, 0.7452830076217651]
[0.7701466530561447, 0.07182225584983826, 0.111575648188591, 0.5093945860862732, 0.3827686607837677, 0.7452830076217651]
Jump!
[0.8408094942569733, 0.250569611787796, 0.2802477180957794, 0.5097447633743286, 0.38704872131347656, 0.8113207817077637]
[0.8408094942569733, 0.250569611787796, 0.2802477180957794, 0.5097447633743286, 0.38704872131347656, 0.8113207817077637]
[0.8408094942569733, 0.250569611787796, 0.2802477180957794, 0.5097447633743286, 0.38704872131347656, 0.8113207817077637]
[0.8408094942569733, 0.250569611787796, 0.2802477180957794, 0.5097447633743286, 0.38704872131347656, 0.8113207817077637]
[0.8408094942569733, 0.250569611787796, 0.2802477180957794, 0.5097447633743286, 0.38704872131347656, 0.8113207817077637]
[0.8408094942569733, 0.250569611787796, 0.2802477180957794, 0.5097447633743286, 0.38704872131347656, 0.8113207817077637]
[0.8408094942569733, 0.250569611787796, 0.2802477180957794, 0.5097447633743286, 0.38704872131347656, 0.8113207817077637]
[0.8408094942569733, 0.250569611787796, 0.2802477180957794, 0.5097447633743286, 0.38704872131347656, 0.8113207817077637]
[0.8408094942569733, 0.250569611787796, 0.2802477180957794, 0.5097447633743286, 0.38704872131347656, 0.8113207817077637]
[0.8408094942569733, 0.250569611787796, 0.2802477180957794, 0.5097447633743286, 0.38704872131347656, 0.8113207817077637]
[0.8408094942569733, 0.250569611787796, 0.2802477180957794, 0.5097447633743286, 0.38704872131347656, 0.8113207817077637]
[0.8408094942569733, 0.250569611787796, 0.2802477180957794, 0.5097447633743286, 0.38704872131347656, 0.8113207817077637]
[0.8408094942569733, 0.250569611787796, 0.2802477180957794, 0.5097447633743286, 0.38704872131347656, 0.8113207817077637]
[0.8408094942569733, 0.250569611787796, 0.2802477180957794, 0.5097447633743286, 0.38704872131347656, 0.8113207817077637]
[0.8408094942569733, 0.250569611787796, 0.2802477180957794, 0.5097447633743286, 0.38704872131347656, 0.8113207817077637]
[0.8408094942569733, 0.250569611787796, 0.2802477180957794, 0.5097447633743286, 0.38704872131347656, 0.8113207817077637]
Jump!
[0.7635436654090881, 0.12791390717029572, 0.34525784850120544, 0.5083473920822144, 0.42562422156333923, 0.8584905862808228]
[0.7635436654090881, 0.12791390717029572, 0.34525784850120544, 0.5083473920822144, 0.42562422156333923, 0.8584905862808228]
[0.7635436654090881, 0.12791390717029572, 0.34525784850120544, 0.5083473920822144, 0.42562422156333923, 0.8584905862808228]
[0.7635436654090881, 0.12791390717029572, 0.34525784850120544, 0.5083473920822144, 0.42562422156333923, 0.8584905862808228]
[0.7635436654090881, 0.12791390717029572, 0.34525784850120544, 0.5083473920822144, 0.42562422156333923, 0.8584905862808228]
[0.7635436654090881, 0.12791390717029572, 0.34525784850120544, 0.5083473920822144, 0.42562422156333923, 0.8584905862808228]
[0.7635436654090881, 0.12791390717029572, 0.34525784850120544, 0.5083473920822144, 0.42562422156333923, 0.8584905862808228]
[0.7635436654090881, 0.12791390717029572, 0.34525784850120544, 0.5083473920822144, 0.42562422156333923, 0.8584905862808228]
[0.7635436654090881, 0.12791390717029572, 0.34525784850120544, 0.5083473920822144, 0.42562422156333923, 0.8584905862808228]
[0.7635436654090881, 0.12791390717029572, 0.34525784850120544, 0.5083473920822144, 0.42562422156333923, 0.8584905862808228]
[0.7635436654090881, 0.12791390717029572, 0.34525784850120544, 0.5083473920822144, 0.42562422156333923, 0.8584905862808228]
[0.7635436654090881, 0.12791390717029572, 0.34525784850120544, 0.5083473920822144, 0.42562422156333923, 0.8584905862808228]
[0.7635436654090881, 0.12791390717029572, 0.34525784850120544, 0.5083473920822144, 0.42562422156333923, 0.8584905862808228]
[0.7635436654090881, 0.12791390717029572, 0.34525784850120544, 0.5083473920822144, 0.42562422156333923, 0.8584905862808228]
[0.7635436654090881, 0.12791390717029572, 0.34525784850120544, 0.5083473920822144, 0.42562422156333923, 0.8584905862808228]
[0.7635436654090881, 0.12791390717029572, 0.34525784850120544, 0.5083473920822144, 0.42562422156333923, 0.8584905862808228]
[0.7635436654090881, 0.12791390717029572, 0.34525784850120544, 0.5083473920822144, 0.42562422156333923, 0.8584905862808228]
[0.7635436654090881, 0.12791390717029572, 0.34525784850120544, 0.5083473920822144, 0.42562422156333923, 0.8584905862808228]
[0.7635436654090881, 0.12791390717029572, 0.34525784850120544, 0.5083473920822144, 0.42562422156333923, 0.8584905862808228]
[0.7635436654090881, 0.12791390717029572, 0.34525784850120544, 0.5083473920822144, 0.42562422156333923, 0.8584905862808228]
[0.7635436654090881, 0.12791390717029572, 0.34525784850120544, 0.5083473920822144, 0.42562422156333923, 0.8584905862808228]
[0.7635436654090881, 0.12791390717029572, 0.34525784850120544, 0.5083473920822144, 0.42562422156333923, 0.8584905862808228]
[0.7635436654090881, 0.12791390717029572, 0.34525784850120544, 0.5083473920822144, 0.42562422156333923, 0.8584905862808228]
[0.7635436654090881, 0.12791390717029572, 0.34525784850120544, 0.5083473920822144, 0.42562422156333923, 0.8584905862808228]
[0.7635436654090881, 0.12791390717029572, 0.34525784850120544, 0.5083473920822144, 0.42562422156333923, 0.8584905862808228]
[0.7635436654090881, 0.12791390717029572, 0.34525784850120544, 0.5083473920822144, 0.42562422156333923, 0.8584905862808228]
[0.7635436654090881, 0.12791390717029572, 0.34525784850120544, 0.5083473920822144, 0.42562422156333923, 0.8584905862808228]
[0.7635436654090881, 0.12791390717029572, 0.34525784850120544, 0.5083473920822144, 0.42562422156333923, 0.8584905862808228]
Jump!
[0.8125871568918228, 0.252830445766449, 0.2888483703136444, 0.6324997544288635, 0.4188086688518524, 0.9056603908538818]
[0.8125871568918228, 0.252830445766449, 0.2888483703136444, 0.6324997544288635, 0.4188086688518524, 0.9056603908538818]
[0.8125871568918228, 0.252830445766449, 0.2888483703136444, 0.6324997544288635, 0.4188086688518524, 0.9056603908538818]
[0.8125871568918228, 0.252830445766449, 0.2888483703136444, 0.6324997544288635, 0.4188086688518524, 0.9056603908538818]
[0.8125871568918228, 0.252830445766449, 0.2888483703136444, 0.6324997544288635, 0.4188086688518524, 0.9056603908538818]
[0.8125871568918228, 0.252830445766449, 0.2888483703136444, 0.6324997544288635, 0.4188086688518524, 0.9056603908538818]
[0.8125871568918228, 0.252830445766449, 0.2888483703136444, 0.6324997544288635, 0.4188086688518524, 0.9056603908538818]
[0.8125871568918228, 0.252830445766449, 0.2888483703136444, 0.6324997544288635, 0.4188086688518524, 0.9056603908538818]
[0.8125871568918228, 0.252830445766449, 0.2888483703136444, 0.6324997544288635, 0.4188086688518524, 0.9056603908538818]
Jump!
[0.8466726541519165, 0.42390334606170654, 0.1968991905450821, 0.6393734812736511, 0.4243500232696533, 0.9245283007621765]
[0.8466726541519165, 0.42390334606170654, 0.1968991905450821, 0.6393734812736511, 0.4243500232696533, 0.9245283007621765]
Jump!
[0.8474559634923935, 0.6198416948318481, 0.09502817690372467, 0.6566042900085449, 0.4204470217227936, 0.9433962106704712]
[0.8474559634923935, 0.6198416948318481, 0.09502817690372467, 0.6566042900085449, 0.4204470217227936, 0.9433962106704712]
[0.8474559634923935, 0.6198416948318481, 0.09502817690372467, 0.6566042900085449, 0.4204470217227936, 0.9433962106704712]
[0.8474559634923935, 0.6198416948318481, 0.09502817690372467, 0.6566042900085449, 0.4204470217227936, 0.9433962106704712]
Jump!
[0.8169868737459183, 0.525831937789917, 0.30547741055488586, 0.6523169875144958, 0.4345414936542511, 0.9245283007621765]
[0.8169868737459183, 0.525831937789917, 0.30547741055488586, 0.6523169875144958, 0.4345414936542511, 0.9245283007621765]
[0.8169868737459183, 0.525831937789917, 0.30547741055488586, 0.6523169875144958, 0.4345414936542511, 0.9245283007621765]
[0.8169868737459183, 0.525831937789917, 0.30547741055488586, 0.6523169875144958, 0.4345414936542511, 0.9245283007621765]
[0.8169868737459183, 0.525831937789917, 0.30547741055488586, 0.6523169875144958, 0.4345414936542511, 0.9245283007621765]
[0.8169868737459183, 0.525831937789917, 0.30547741055488586, 0.6523169875144958, 0.4345414936542511, 0.9245283007621765]
[0.8169868737459183, 0.525831937789917, 0.30547741055488586, 0.6523169875144958, 0.4345414936542511, 0.9245283007621765]
[0.8169868737459183, 0.525831937789917, 0.30547741055488586, 0.6523169875144958, 0.4345414936542511, 0.9245283007621765]
[0.8169868737459183, 0.525831937789917, 0.30547741055488586, 0.6523169875144958, 0.4345414936542511, 0.9245283007621765]
[0.8169868737459183, 0.525831937789917, 0.30547741055488586, 0.6523169875144958, 0.4345414936542511, 0.9245283007621765]
[0.8169868737459183, 0.525831937789917, 0.30547741055488586, 0.6523169875144958, 0.4345414936542511, 0.9245283007621765]
[0.8169868737459183, 0.525831937789917, 0.30547741055488586, 0.6523169875144958, 0.4345414936542511, 0.9245283007621765]
[0.8169868737459183, 0.525831937789917, 0.30547741055488586, 0.6523169875144958, 0.4345414936542511, 0.9245283007621765]
[0.8169868737459183, 0.525831937789917, 0.30547741055488586, 0.6523169875144958, 0.4345414936542511, 0.9245283007621765]
[0.8169868737459183, 0.525831937789917, 0.30547741055488586, 0.6523169875144958, 0.4345414936542511, 0.9245283007621765]
[0.8169868737459183, 0.525831937789917, 0.30547741055488586, 0.6523169875144958, 0.4345414936542511, 0.9245283007621765]
Jump!
[0.8726188689470291, 0.6429013609886169, 0.1233060359954834, 0.6875442862510681, 0.40716251730918884, 0.9622641801834106]
[0.8726188689470291, 0.6429013609886169, 0.1233060359954834, 0.6875442862510681, 0.40716251730918884, 0.9622641801834106]
[0.8726188689470291, 0.6429013609886169, 0.1233060359954834, 0.6875442862510681, 0.40716251730918884, 0.9622641801834106]
[0.8726188689470291, 0.6429013609886169, 0.1233060359954834, 0.6875442862510681, 0.40716251730918884, 0.9622641801834106]
[0.8726188689470291, 0.6429013609886169, 0.1233060359954834, 0.6875442862510681, 0.40716251730918884, 0.9622641801834106]
[0.8726188689470291, 0.6429013609886169, 0.1233060359954834, 0.6875442862510681, 0.40716251730918884, 0.9622641801834106]
['PLWMTAICQH']
[0.8726188689470291, 0.6429013609886169, 1.7644610404968262, 6.875442981719971, 0.40716251730918884, 0.9622641801834106]
Weight Vector: tensor([1., 1., 1., 4., 4., 2.], device='cuda:0')
[0.9052872434258461, 0.6375465393066406, 0.06518483906984329, 0.6212339401245117, 0.19248756766319275, 1.0]
[0.9052872434258461, 0.6375465393066406, 0.06518483906984329, 0.6212339401245117, 0.19248756766319275, 1.0]
[0.9052872434258461, 0.6375465393066406, 0.06518483906984329, 0.6212339401245117, 0.19248756766319275, 1.0]
[0.9052872434258461, 0.6375465393066406, 0.06518483906984329, 0.6212339401245117, 0.19248756766319275, 1.0]
[0.9052872434258461, 0.6375465393066406, 0.06518483906984329, 0.6212339401245117, 0.19248756766319275, 1.0]
[0.9052872434258461, 0.6375465393066406, 0.06518483906984329, 0.6212339401245117, 0.19248756766319275, 1.0]
[0.9052872434258461, 0.6375465393066406, 0.06518483906984329, 0.6212339401245117, 0.19248756766319275, 1.0]
[0.9052872434258461, 0.6375465393066406, 0.06518483906984329, 0.6212339401245117, 0.19248756766319275, 1.0]
[0.9052872434258461, 0.6375465393066406, 0.06518483906984329, 0.6212339401245117, 0.19248756766319275, 1.0]
[0.9052872434258461, 0.6375465393066406, 0.06518483906984329, 0.6212339401245117, 0.19248756766319275, 1.0]
[0.9052872434258461, 0.6375465393066406, 0.06518483906984329, 0.6212339401245117, 0.19248756766319275, 1.0]
[0.9052872434258461, 0.6375465393066406, 0.06518483906984329, 0.6212339401245117, 0.19248756766319275, 1.0]
[0.9052872434258461, 0.6375465393066406, 0.06518483906984329, 0.6212339401245117, 0.19248756766319275, 1.0]
[0.9052872434258461, 0.6375465393066406, 0.06518483906984329, 0.6212339401245117, 0.19248756766319275, 1.0]
[0.9052872434258461, 0.6375465393066406, 0.06518483906984329, 0.6212339401245117, 0.19248756766319275, 1.0]
[0.9052872434258461, 0.6375465393066406, 0.06518483906984329, 0.6212339401245117, 0.19248756766319275, 1.0]
[0.9052872434258461, 0.6375465393066406, 0.06518483906984329, 0.6212339401245117, 0.19248756766319275, 1.0]
[0.9052872434258461, 0.6375465393066406, 0.06518483906984329, 0.6212339401245117, 0.19248756766319275, 1.0]
[0.9052872434258461, 0.6375465393066406, 0.06518483906984329, 0.6212339401245117, 0.19248756766319275, 1.0]
[0.9052872434258461, 0.6375465393066406, 0.06518483906984329, 0.6212339401245117, 0.19248756766319275, 1.0]
[0.9052872434258461, 0.6375465393066406, 0.06518483906984329, 0.6212339401245117, 0.19248756766319275, 1.0]
[0.9052872434258461, 0.6375465393066406, 0.06518483906984329, 0.6212339401245117, 0.19248756766319275, 1.0]
[0.9052872434258461, 0.6375465393066406, 0.06518483906984329, 0.6212339401245117, 0.19248756766319275, 1.0]
[0.9052872434258461, 0.6375465393066406, 0.06518483906984329, 0.6212339401245117, 0.19248756766319275, 1.0]
[0.9052872434258461, 0.6375465393066406, 0.06518483906984329, 0.6212339401245117, 0.19248756766319275, 1.0]
[0.9052872434258461, 0.6375465393066406, 0.06518483906984329, 0.6212339401245117, 0.19248756766319275, 1.0]
[0.9052872434258461, 0.6375465393066406, 0.06518483906984329, 0.6212339401245117, 0.19248756766319275, 1.0]
[0.9052872434258461, 0.6375465393066406, 0.06518483906984329, 0.6212339401245117, 0.19248756766319275, 1.0]
[0.9052872434258461, 0.6375465393066406, 0.06518483906984329, 0.6212339401245117, 0.19248756766319275, 1.0]
[0.9052872434258461, 0.6375465393066406, 0.06518483906984329, 0.6212339401245117, 0.19248756766319275, 1.0]
[0.9052872434258461, 0.6375465393066406, 0.06518483906984329, 0.6212339401245117, 0.19248756766319275, 1.0]
[0.9052872434258461, 0.6375465393066406, 0.06518483906984329, 0.6212339401245117, 0.19248756766319275, 1.0]
[0.9052872434258461, 0.6375465393066406, 0.06518483906984329, 0.6212339401245117, 0.19248756766319275, 1.0]
[0.9052872434258461, 0.6375465393066406, 0.06518483906984329, 0.6212339401245117, 0.19248756766319275, 1.0]
[0.9052872434258461, 0.6375465393066406, 0.06518483906984329, 0.6212339401245117, 0.19248756766319275, 1.0]
[0.9052872434258461, 0.6375465393066406, 0.06518483906984329, 0.6212339401245117, 0.19248756766319275, 1.0]
[0.9052872434258461, 0.6375465393066406, 0.06518483906984329, 0.6212339401245117, 0.19248756766319275, 1.0]
[0.9052872434258461, 0.6375465393066406, 0.06518483906984329, 0.6212339401245117, 0.19248756766319275, 1.0]
Jump!
[0.9207496345043182, 0.6210111975669861, 0.19754406809806824, 0.6757834553718567, 0.3117857575416565, 0.9716981053352356]
[0.9207496345043182, 0.6210111975669861, 0.19754406809806824, 0.6757834553718567, 0.3117857575416565, 0.9716981053352356]
[0.9207496345043182, 0.6210111975669861, 0.19754406809806824, 0.6757834553718567, 0.3117857575416565, 0.9716981053352356]
Jump!
[0.9448135197162628, 0.7433337569236755, 0.08281686902046204, 0.7619683742523193, 0.4420408308506012, 0.9528301954269409]
[0.9448135197162628, 0.7433337569236755, 0.08281686902046204, 0.7619683742523193, 0.4420408308506012, 0.9528301954269409]
[0.9448135197162628, 0.7433337569236755, 0.08281686902046204, 0.7619683742523193, 0.4420408308506012, 0.9528301954269409]
[0.9448135197162628, 0.7433337569236755, 0.08281686902046204, 0.7619683742523193, 0.4420408308506012, 0.9528301954269409]
[0.9448135197162628, 0.7433337569236755, 0.08281686902046204, 0.7619683742523193, 0.4420408308506012, 0.9528301954269409]
[0.9448135197162628, 0.7433337569236755, 0.08281686902046204, 0.7619683742523193, 0.4420408308506012, 0.9528301954269409]
[0.9448135197162628, 0.7433337569236755, 0.08281686902046204, 0.7619683742523193, 0.4420408308506012, 0.9528301954269409]
[0.9448135197162628, 0.7433337569236755, 0.08281686902046204, 0.7619683742523193, 0.4420408308506012, 0.9528301954269409]
[0.9448135197162628, 0.7433337569236755, 0.08281686902046204, 0.7619683742523193, 0.4420408308506012, 0.9528301954269409]
[0.9448135197162628, 0.7433337569236755, 0.08281686902046204, 0.7619683742523193, 0.4420408308506012, 0.9528301954269409]
[0.9448135197162628, 0.7433337569236755, 0.08281686902046204, 0.7619683742523193, 0.4420408308506012, 0.9528301954269409]
[0.9448135197162628, 0.7433337569236755, 0.08281686902046204, 0.7619683742523193, 0.4420408308506012, 0.9528301954269409]
[0.9448135197162628, 0.7433337569236755, 0.08281686902046204, 0.7619683742523193, 0.4420408308506012, 0.9528301954269409]
Jump!
[0.9567027427256107, 0.5407969355583191, 0.15751519799232483, 0.7774739265441895, 0.49333786964416504, 0.8962264060974121]
[0.9567027427256107, 0.5407969355583191, 0.15751519799232483, 0.7774739265441895, 0.49333786964416504, 0.8962264060974121]
[0.9567027427256107, 0.5407969355583191, 0.15751519799232483, 0.7774739265441895, 0.49333786964416504, 0.8962264060974121]
[0.9567027427256107, 0.5407969355583191, 0.15751519799232483, 0.7774739265441895, 0.49333786964416504, 0.8962264060974121]
[0.9567027427256107, 0.5407969355583191, 0.15751519799232483, 0.7774739265441895, 0.49333786964416504, 0.8962264060974121]
[0.9567027427256107, 0.5407969355583191, 0.15751519799232483, 0.7774739265441895, 0.49333786964416504, 0.8962264060974121]
[0.9567027427256107, 0.5407969355583191, 0.15751519799232483, 0.7774739265441895, 0.49333786964416504, 0.8962264060974121]
[0.9567027427256107, 0.5407969355583191, 0.15751519799232483, 0.7774739265441895, 0.49333786964416504, 0.8962264060974121]
[0.9567027427256107, 0.5407969355583191, 0.15751519799232483, 0.7774739265441895, 0.49333786964416504, 0.8962264060974121]
[0.9567027427256107, 0.5407969355583191, 0.15751519799232483, 0.7774739265441895, 0.49333786964416504, 0.8962264060974121]
[0.9567027427256107, 0.5407969355583191, 0.15751519799232483, 0.7774739265441895, 0.49333786964416504, 0.8962264060974121]
[0.9567027427256107, 0.5407969355583191, 0.15751519799232483, 0.7774739265441895, 0.49333786964416504, 0.8962264060974121]
[0.9567027427256107, 0.5407969355583191, 0.15751519799232483, 0.7774739265441895, 0.49333786964416504, 0.8962264060974121]
[0.9567027427256107, 0.5407969355583191, 0.15751519799232483, 0.7774739265441895, 0.49333786964416504, 0.8962264060974121]
[0.9567027427256107, 0.5407969355583191, 0.15751519799232483, 0.7774739265441895, 0.49333786964416504, 0.8962264060974121]
[0.9567027427256107, 0.5407969355583191, 0.15751519799232483, 0.7774739265441895, 0.49333786964416504, 0.8962264060974121]
[0.9567027427256107, 0.5407969355583191, 0.15751519799232483, 0.7774739265441895, 0.49333786964416504, 0.8962264060974121]
[0.9567027427256107, 0.5407969355583191, 0.15751519799232483, 0.7774739265441895, 0.49333786964416504, 0.8962264060974121]
[0.9567027427256107, 0.5407969355583191, 0.15751519799232483, 0.7774739265441895, 0.49333786964416504, 0.8962264060974121]
[0.9567027427256107, 0.5407969355583191, 0.15751519799232483, 0.7774739265441895, 0.49333786964416504, 0.8962264060974121]
[0.9567027427256107, 0.5407969355583191, 0.15751519799232483, 0.7774739265441895, 0.49333786964416504, 0.8962264060974121]
[0.9567027427256107, 0.5407969355583191, 0.15751519799232483, 0.7774739265441895, 0.49333786964416504, 0.8962264060974121]
[0.9567027427256107, 0.5407969355583191, 0.15751519799232483, 0.7774739265441895, 0.49333786964416504, 0.8962264060974121]
[0.9567027427256107, 0.5407969355583191, 0.15751519799232483, 0.7774739265441895, 0.49333786964416504, 0.8962264060974121]
[0.9567027427256107, 0.5407969355583191, 0.15751519799232483, 0.7774739265441895, 0.49333786964416504, 0.8962264060974121]
[0.9567027427256107, 0.5407969355583191, 0.15751519799232483, 0.7774739265441895, 0.49333786964416504, 0.8962264060974121]
[0.9567027427256107, 0.5407969355583191, 0.15751519799232483, 0.7774739265441895, 0.49333786964416504, 0.8962264060974121]
[0.9567027427256107, 0.5407969355583191, 0.15751519799232483, 0.7774739265441895, 0.49333786964416504, 0.8962264060974121]
[0.9567027427256107, 0.5407969355583191, 0.15751519799232483, 0.7774739265441895, 0.49333786964416504, 0.8962264060974121]
Jump!
[0.8874566107988358, 0.5886058807373047, 0.11455133557319641, 0.7593678832054138, 0.5291666388511658, 0.8679245114326477]
[0.8874566107988358, 0.5886058807373047, 0.11455133557319641, 0.7593678832054138, 0.5291666388511658, 0.8679245114326477]
[0.8874566107988358, 0.5886058807373047, 0.11455133557319641, 0.7593678832054138, 0.5291666388511658, 0.8679245114326477]
[0.8874566107988358, 0.5886058807373047, 0.11455133557319641, 0.7593678832054138, 0.5291666388511658, 0.8679245114326477]
[0.8874566107988358, 0.5886058807373047, 0.11455133557319641, 0.7593678832054138, 0.5291666388511658, 0.8679245114326477]
[0.8874566107988358, 0.5886058807373047, 0.11455133557319641, 0.7593678832054138, 0.5291666388511658, 0.8679245114326477]
[0.8874566107988358, 0.5886058807373047, 0.11455133557319641, 0.7593678832054138, 0.5291666388511658, 0.8679245114326477]
[0.8874566107988358, 0.5886058807373047, 0.11455133557319641, 0.7593678832054138, 0.5291666388511658, 0.8679245114326477]
[0.8874566107988358, 0.5886058807373047, 0.11455133557319641, 0.7593678832054138, 0.5291666388511658, 0.8679245114326477]
[0.8874566107988358, 0.5886058807373047, 0.11455133557319641, 0.7593678832054138, 0.5291666388511658, 0.8679245114326477]
[0.8874566107988358, 0.5886058807373047, 0.11455133557319641, 0.7593678832054138, 0.5291666388511658, 0.8679245114326477]
[0.8874566107988358, 0.5886058807373047, 0.11455133557319641, 0.7593678832054138, 0.5291666388511658, 0.8679245114326477]
[0.8874566107988358, 0.5886058807373047, 0.11455133557319641, 0.7593678832054138, 0.5291666388511658, 0.8679245114326477]
[0.8874566107988358, 0.5886058807373047, 0.11455133557319641, 0.7593678832054138, 0.5291666388511658, 0.8679245114326477]
[0.8874566107988358, 0.5886058807373047, 0.11455133557319641, 0.7593678832054138, 0.5291666388511658, 0.8679245114326477]
[0.8874566107988358, 0.5886058807373047, 0.11455133557319641, 0.7593678832054138, 0.5291666388511658, 0.8679245114326477]
[0.8874566107988358, 0.5886058807373047, 0.11455133557319641, 0.7593678832054138, 0.5291666388511658, 0.8679245114326477]
['FEDPVVFVGC']
[0.8874566107988358, 0.5886058807373047, 1.6947383880615234, 7.593678951263428, 0.5291666388511658, 0.8679245114326477]
Weight Vector: tensor([1., 1., 1., 4., 4., 2.], device='cuda:0')
[0.8381688296794891, 0.30608081817626953, 0.17454519867897034, 0.5948843955993652, 0.28482672572135925, 0.8584905862808228]
[0.8381688296794891, 0.30608081817626953, 0.17454519867897034, 0.5948843955993652, 0.28482672572135925, 0.8584905862808228]
[0.8381688296794891, 0.30608081817626953, 0.17454519867897034, 0.5948843955993652, 0.28482672572135925, 0.8584905862808228]
[0.8381688296794891, 0.30608081817626953, 0.17454519867897034, 0.5948843955993652, 0.28482672572135925, 0.8584905862808228]
[0.8381688296794891, 0.30608081817626953, 0.17454519867897034, 0.5948843955993652, 0.28482672572135925, 0.8584905862808228]
[0.8381688296794891, 0.30608081817626953, 0.17454519867897034, 0.5948843955993652, 0.28482672572135925, 0.8584905862808228]
[0.8381688296794891, 0.30608081817626953, 0.17454519867897034, 0.5948843955993652, 0.28482672572135925, 0.8584905862808228]
[0.8381688296794891, 0.30608081817626953, 0.17454519867897034, 0.5948843955993652, 0.28482672572135925, 0.8584905862808228]
[0.8381688296794891, 0.30608081817626953, 0.17454519867897034, 0.5948843955993652, 0.28482672572135925, 0.8584905862808228]
[0.8381688296794891, 0.30608081817626953, 0.17454519867897034, 0.5948843955993652, 0.28482672572135925, 0.8584905862808228]
Jump!
[0.8658868819475174, 0.6534242033958435, 0.049247294664382935, 0.6117594838142395, 0.3212490975856781, 0.9905660152435303]
[0.8658868819475174, 0.6534242033958435, 0.049247294664382935, 0.6117594838142395, 0.3212490975856781, 0.9905660152435303]
[0.8658868819475174, 0.6534242033958435, 0.049247294664382935, 0.6117594838142395, 0.3212490975856781, 0.9905660152435303]
[0.8658868819475174, 0.6534242033958435, 0.049247294664382935, 0.6117594838142395, 0.3212490975856781, 0.9905660152435303]
[0.8658868819475174, 0.6534242033958435, 0.049247294664382935, 0.6117594838142395, 0.3212490975856781, 0.9905660152435303]
[0.8658868819475174, 0.6534242033958435, 0.049247294664382935, 0.6117594838142395, 0.3212490975856781, 0.9905660152435303]
[0.8658868819475174, 0.6534242033958435, 0.049247294664382935, 0.6117594838142395, 0.3212490975856781, 0.9905660152435303]
[0.8658868819475174, 0.6534242033958435, 0.049247294664382935, 0.6117594838142395, 0.3212490975856781, 0.9905660152435303]
[0.8658868819475174, 0.6534242033958435, 0.049247294664382935, 0.6117594838142395, 0.3212490975856781, 0.9905660152435303]
[0.8658868819475174, 0.6534242033958435, 0.049247294664382935, 0.6117594838142395, 0.3212490975856781, 0.9905660152435303]
[0.8658868819475174, 0.6534242033958435, 0.049247294664382935, 0.6117594838142395, 0.3212490975856781, 0.9905660152435303]
[0.8658868819475174, 0.6534242033958435, 0.049247294664382935, 0.6117594838142395, 0.3212490975856781, 0.9905660152435303]
[0.8658868819475174, 0.6534242033958435, 0.049247294664382935, 0.6117594838142395, 0.3212490975856781, 0.9905660152435303]
[0.8658868819475174, 0.6534242033958435, 0.049247294664382935, 0.6117594838142395, 0.3212490975856781, 0.9905660152435303]
[0.8658868819475174, 0.6534242033958435, 0.049247294664382935, 0.6117594838142395, 0.3212490975856781, 0.9905660152435303]
[0.8658868819475174, 0.6534242033958435, 0.049247294664382935, 0.6117594838142395, 0.3212490975856781, 0.9905660152435303]
[0.8658868819475174, 0.6534242033958435, 0.049247294664382935, 0.6117594838142395, 0.3212490975856781, 0.9905660152435303]
Jump!
[0.9116870611906052, 0.5363981127738953, 0.0059637650847435, 0.6655389070510864, 0.35214725136756897, 1.0]
[0.9116870611906052, 0.5363981127738953, 0.0059637650847435, 0.6655389070510864, 0.35214725136756897, 1.0]
[0.9116870611906052, 0.5363981127738953, 0.0059637650847435, 0.6655389070510864, 0.35214725136756897, 1.0]
[0.9116870611906052, 0.5363981127738953, 0.0059637650847435, 0.6655389070510864, 0.35214725136756897, 1.0]
[0.9116870611906052, 0.5363981127738953, 0.0059637650847435, 0.6655389070510864, 0.35214725136756897, 1.0]
[0.9116870611906052, 0.5363981127738953, 0.0059637650847435, 0.6655389070510864, 0.35214725136756897, 1.0]
[0.9116870611906052, 0.5363981127738953, 0.0059637650847435, 0.6655389070510864, 0.35214725136756897, 1.0]
[0.9116870611906052, 0.5363981127738953, 0.0059637650847435, 0.6655389070510864, 0.35214725136756897, 1.0]
[0.9116870611906052, 0.5363981127738953, 0.0059637650847435, 0.6655389070510864, 0.35214725136756897, 1.0]
[0.9116870611906052, 0.5363981127738953, 0.0059637650847435, 0.6655389070510864, 0.35214725136756897, 1.0]
[0.9116870611906052, 0.5363981127738953, 0.0059637650847435, 0.6655389070510864, 0.35214725136756897, 1.0]
[0.9116870611906052, 0.5363981127738953, 0.0059637650847435, 0.6655389070510864, 0.35214725136756897, 1.0]
[0.9116870611906052, 0.5363981127738953, 0.0059637650847435, 0.6655389070510864, 0.35214725136756897, 1.0]
[0.9116870611906052, 0.5363981127738953, 0.0059637650847435, 0.6655389070510864, 0.35214725136756897, 1.0]
[0.9116870611906052, 0.5363981127738953, 0.0059637650847435, 0.6655389070510864, 0.35214725136756897, 1.0]
[0.9116870611906052, 0.5363981127738953, 0.0059637650847435, 0.6655389070510864, 0.35214725136756897, 1.0]
[0.9116870611906052, 0.5363981127738953, 0.0059637650847435, 0.6655389070510864, 0.35214725136756897, 1.0]
[0.9116870611906052, 0.5363981127738953, 0.0059637650847435, 0.6655389070510864, 0.35214725136756897, 1.0]
[0.9116870611906052, 0.5363981127738953, 0.0059637650847435, 0.6655389070510864, 0.35214725136756897, 1.0]
[0.9116870611906052, 0.5363981127738953, 0.0059637650847435, 0.6655389070510864, 0.35214725136756897, 1.0]
[0.9116870611906052, 0.5363981127738953, 0.0059637650847435, 0.6655389070510864, 0.35214725136756897, 1.0]
[0.9116870611906052, 0.5363981127738953, 0.0059637650847435, 0.6655389070510864, 0.35214725136756897, 1.0]
Jump!
[0.8924256786704063, 0.777667760848999, 0.17507459223270416, 0.6656319499015808, 0.34468525648117065, 1.0]
[0.8924256786704063, 0.777667760848999, 0.17507459223270416, 0.6656319499015808, 0.34468525648117065, 1.0]
[0.8924256786704063, 0.777667760848999, 0.17507459223270416, 0.6656319499015808, 0.34468525648117065, 1.0]
[0.8924256786704063, 0.777667760848999, 0.17507459223270416, 0.6656319499015808, 0.34468525648117065, 1.0]
[0.8924256786704063, 0.777667760848999, 0.17507459223270416, 0.6656319499015808, 0.34468525648117065, 1.0]
Jump!
[0.8088833689689636, 0.7777862548828125, 0.3799555003643036, 0.6609466671943665, 0.3535447418689728, 0.9905660152435303]
[0.8088833689689636, 0.7777862548828125, 0.3799555003643036, 0.6609466671943665, 0.3535447418689728, 0.9905660152435303]
[0.8088833689689636, 0.7777862548828125, 0.3799555003643036, 0.6609466671943665, 0.3535447418689728, 0.9905660152435303]
[0.8088833689689636, 0.7777862548828125, 0.3799555003643036, 0.6609466671943665, 0.3535447418689728, 0.9905660152435303]
[0.8088833689689636, 0.7777862548828125, 0.3799555003643036, 0.6609466671943665, 0.3535447418689728, 0.9905660152435303]
[0.8088833689689636, 0.7777862548828125, 0.3799555003643036, 0.6609466671943665, 0.3535447418689728, 0.9905660152435303]
[0.8088833689689636, 0.7777862548828125, 0.3799555003643036, 0.6609466671943665, 0.3535447418689728, 0.9905660152435303]
[0.8088833689689636, 0.7777862548828125, 0.3799555003643036, 0.6609466671943665, 0.3535447418689728, 0.9905660152435303]
[0.8088833689689636, 0.7777862548828125, 0.3799555003643036, 0.6609466671943665, 0.3535447418689728, 0.9905660152435303]
[0.8088833689689636, 0.7777862548828125, 0.3799555003643036, 0.6609466671943665, 0.3535447418689728, 0.9905660152435303]
Jump!
[0.867403507232666, 0.7292386293411255, 0.4182889461517334, 0.6766250133514404, 0.33708539605140686, 1.0]
[0.867403507232666, 0.7292386293411255, 0.4182889461517334, 0.6766250133514404, 0.33708539605140686, 1.0]
[0.867403507232666, 0.7292386293411255, 0.4182889461517334, 0.6766250133514404, 0.33708539605140686, 1.0]
[0.867403507232666, 0.7292386293411255, 0.4182889461517334, 0.6766250133514404, 0.33708539605140686, 1.0]
[0.867403507232666, 0.7292386293411255, 0.4182889461517334, 0.6766250133514404, 0.33708539605140686, 1.0]
[0.867403507232666, 0.7292386293411255, 0.4182889461517334, 0.6766250133514404, 0.33708539605140686, 1.0]
[0.867403507232666, 0.7292386293411255, 0.4182889461517334, 0.6766250133514404, 0.33708539605140686, 1.0]
Jump!
[0.8828466385602951, 0.6691707372665405, 0.7337822318077087, 0.6609498262405396, 0.34088975191116333, 1.0]
[0.8828466385602951, 0.6691707372665405, 0.7337822318077087, 0.6609498262405396, 0.34088975191116333, 1.0]
[0.8828466385602951, 0.6691707372665405, 0.7337822318077087, 0.6609498262405396, 0.34088975191116333, 1.0]
[0.8828466385602951, 0.6691707372665405, 0.7337822318077087, 0.6609498262405396, 0.34088975191116333, 1.0]
[0.8828466385602951, 0.6691707372665405, 0.7337822318077087, 0.6609498262405396, 0.34088975191116333, 1.0]
[0.8828466385602951, 0.6691707372665405, 0.7337822318077087, 0.6609498262405396, 0.34088975191116333, 1.0]
Jump!
[0.8223010152578354, 0.6068163514137268, 0.9164116382598877, 0.6560325026512146, 0.37307170033454895, 1.0]
Jump!
[0.8902659267187119, 0.593246340751648, 0.8766745328903198, 0.6690851449966431, 0.38968855142593384, 0.9528301954269409]
[0.8902659267187119, 0.593246340751648, 0.8766745328903198, 0.6690851449966431, 0.38968855142593384, 0.9528301954269409]
[0.8902659267187119, 0.593246340751648, 0.8766745328903198, 0.6690851449966431, 0.38968855142593384, 0.9528301954269409]
[0.8902659267187119, 0.593246340751648, 0.8766745328903198, 0.6690851449966431, 0.38968855142593384, 0.9528301954269409]
[0.8902659267187119, 0.593246340751648, 0.8766745328903198, 0.6690851449966431, 0.38968855142593384, 0.9528301954269409]
[0.8902659267187119, 0.593246340751648, 0.8766745328903198, 0.6690851449966431, 0.38968855142593384, 0.9528301954269409]
[0.8902659267187119, 0.593246340751648, 0.8766745328903198, 0.6690851449966431, 0.38968855142593384, 0.9528301954269409]
Jump!
[0.7746828496456146, 0.4292358160018921, 0.848555862903595, 0.6701213717460632, 0.4034591615200043, 0.9716981053352356]
Jump!
[0.8604326397180557, 0.3335825204849243, 0.723513662815094, 0.7064115405082703, 0.41659289598464966, 0.9716981053352356]
[0.8604326397180557, 0.3335825204849243, 0.723513662815094, 0.7064115405082703, 0.41659289598464966, 0.9716981053352356]
[0.8604326397180557, 0.3335825204849243, 0.723513662815094, 0.7064115405082703, 0.41659289598464966, 0.9716981053352356]
[0.8604326397180557, 0.3335825204849243, 0.723513662815094, 0.7064115405082703, 0.41659289598464966, 0.9716981053352356]
[0.8604326397180557, 0.3335825204849243, 0.723513662815094, 0.7064115405082703, 0.41659289598464966, 0.9716981053352356]
[0.8604326397180557, 0.3335825204849243, 0.723513662815094, 0.7064115405082703, 0.41659289598464966, 0.9716981053352356]
[0.8604326397180557, 0.3335825204849243, 0.723513662815094, 0.7064115405082703, 0.41659289598464966, 0.9716981053352356]
[0.8604326397180557, 0.3335825204849243, 0.723513662815094, 0.7064115405082703, 0.41659289598464966, 0.9716981053352356]
Jump!
[0.8945813700556755, 0.32645514607429504, 0.6169800162315369, 0.714480996131897, 0.43665072321891785, 0.9905660152435303]
[0.8945813700556755, 0.32645514607429504, 0.6169800162315369, 0.714480996131897, 0.43665072321891785, 0.9905660152435303]
Jump!
[0.8918811902403831, 0.4577617049217224, 0.41534632444381714, 0.7310552597045898, 0.45630937814712524, 0.9811320900917053]
[0.8918811902403831, 0.4577617049217224, 0.41534632444381714, 0.7310552597045898, 0.45630937814712524, 0.9811320900917053]
[0.8918811902403831, 0.4577617049217224, 0.41534632444381714, 0.7310552597045898, 0.45630937814712524, 0.9811320900917053]
[0.8918811902403831, 0.4577617049217224, 0.41534632444381714, 0.7310552597045898, 0.45630937814712524, 0.9811320900917053]
['FAFEFSVVTC']
[0.8918811902403831, 0.4577617049217224, 6.771621227264404, 7.310552597045898, 0.45630937814712524, 0.9811320900917053]
Weight Vector: tensor([1., 1., 1., 4., 4., 2.], device='cuda:0')
[0.9269871562719345, 0.39118555188179016, 0.02657467871904373, 0.5307714343070984, 0.29705530405044556, 0.9905660152435303]
[0.9269871562719345, 0.39118555188179016, 0.02657467871904373, 0.5307714343070984, 0.29705530405044556, 0.9905660152435303]
[0.9269871562719345, 0.39118555188179016, 0.02657467871904373, 0.5307714343070984, 0.29705530405044556, 0.9905660152435303]
[0.9269871562719345, 0.39118555188179016, 0.02657467871904373, 0.5307714343070984, 0.29705530405044556, 0.9905660152435303]
[0.9269871562719345, 0.39118555188179016, 0.02657467871904373, 0.5307714343070984, 0.29705530405044556, 0.9905660152435303]
[0.9269871562719345, 0.39118555188179016, 0.02657467871904373, 0.5307714343070984, 0.29705530405044556, 0.9905660152435303]
[0.9269871562719345, 0.39118555188179016, 0.02657467871904373, 0.5307714343070984, 0.29705530405044556, 0.9905660152435303]
[0.9269871562719345, 0.39118555188179016, 0.02657467871904373, 0.5307714343070984, 0.29705530405044556, 0.9905660152435303]
[0.9269871562719345, 0.39118555188179016, 0.02657467871904373, 0.5307714343070984, 0.29705530405044556, 0.9905660152435303]
[0.9269871562719345, 0.39118555188179016, 0.02657467871904373, 0.5307714343070984, 0.29705530405044556, 0.9905660152435303]
[0.9269871562719345, 0.39118555188179016, 0.02657467871904373, 0.5307714343070984, 0.29705530405044556, 0.9905660152435303]
[0.9269871562719345, 0.39118555188179016, 0.02657467871904373, 0.5307714343070984, 0.29705530405044556, 0.9905660152435303]
[0.9269871562719345, 0.39118555188179016, 0.02657467871904373, 0.5307714343070984, 0.29705530405044556, 0.9905660152435303]
[0.9269871562719345, 0.39118555188179016, 0.02657467871904373, 0.5307714343070984, 0.29705530405044556, 0.9905660152435303]
[0.9269871562719345, 0.39118555188179016, 0.02657467871904373, 0.5307714343070984, 0.29705530405044556, 0.9905660152435303]
Jump!
[0.9260201826691628, 0.6769557595252991, 0.02869737148284912, 0.5293070077896118, 0.28756019473075867, 0.9905660152435303]
[0.9260201826691628, 0.6769557595252991, 0.02869737148284912, 0.5293070077896118, 0.28756019473075867, 0.9905660152435303]
[0.9260201826691628, 0.6769557595252991, 0.02869737148284912, 0.5293070077896118, 0.28756019473075867, 0.9905660152435303]
[0.9260201826691628, 0.6769557595252991, 0.02869737148284912, 0.5293070077896118, 0.28756019473075867, 0.9905660152435303]
[0.9260201826691628, 0.6769557595252991, 0.02869737148284912, 0.5293070077896118, 0.28756019473075867, 0.9905660152435303]
[0.9260201826691628, 0.6769557595252991, 0.02869737148284912, 0.5293070077896118, 0.28756019473075867, 0.9905660152435303]
[0.9260201826691628, 0.6769557595252991, 0.02869737148284912, 0.5293070077896118, 0.28756019473075867, 0.9905660152435303]
Jump!
[0.9370450899004936, 0.6722890138626099, 0.0, 0.5290985107421875, 0.29312723875045776, 0.9811320900917053]
[0.9370450899004936, 0.6722890138626099, 0.0, 0.5290985107421875, 0.29312723875045776, 0.9811320900917053]
[0.9370450899004936, 0.6722890138626099, 0.0, 0.5290985107421875, 0.29312723875045776, 0.9811320900917053]
[0.9370450899004936, 0.6722890138626099, 0.0, 0.5290985107421875, 0.29312723875045776, 0.9811320900917053]
[0.9370450899004936, 0.6722890138626099, 0.0, 0.5290985107421875, 0.29312723875045776, 0.9811320900917053]
[0.9370450899004936, 0.6722890138626099, 0.0, 0.5290985107421875, 0.29312723875045776, 0.9811320900917053]
Jump!
[0.9258086159825325, 0.683218777179718, 0.047140803188085556, 0.5146694183349609, 0.3213973343372345, 0.9339622855186462]
[0.9258086159825325, 0.683218777179718, 0.047140803188085556, 0.5146694183349609, 0.3213973343372345, 0.9339622855186462]
[0.9258086159825325, 0.683218777179718, 0.047140803188085556, 0.5146694183349609, 0.3213973343372345, 0.9339622855186462]
[0.9258086159825325, 0.683218777179718, 0.047140803188085556, 0.5146694183349609, 0.3213973343372345, 0.9339622855186462]
[0.9258086159825325, 0.683218777179718, 0.047140803188085556, 0.5146694183349609, 0.3213973343372345, 0.9339622855186462]
[0.9258086159825325, 0.683218777179718, 0.047140803188085556, 0.5146694183349609, 0.3213973343372345, 0.9339622855186462]
[0.9258086159825325, 0.683218777179718, 0.047140803188085556, 0.5146694183349609, 0.3213973343372345, 0.9339622855186462]
[0.9258086159825325, 0.683218777179718, 0.047140803188085556, 0.5146694183349609, 0.3213973343372345, 0.9339622855186462]
[0.9258086159825325, 0.683218777179718, 0.047140803188085556, 0.5146694183349609, 0.3213973343372345, 0.9339622855186462]
[0.9258086159825325, 0.683218777179718, 0.047140803188085556, 0.5146694183349609, 0.3213973343372345, 0.9339622855186462]
[0.9258086159825325, 0.683218777179718, 0.047140803188085556, 0.5146694183349609, 0.3213973343372345, 0.9339622855186462]
[0.9258086159825325, 0.683218777179718, 0.047140803188085556, 0.5146694183349609, 0.3213973343372345, 0.9339622855186462]
Jump!
[0.9240657389163971, 0.6757515668869019, 0.1840316355228424, 0.5318572521209717, 0.28208157420158386, 1.0]
[0.9240657389163971, 0.6757515668869019, 0.1840316355228424, 0.5318572521209717, 0.28208157420158386, 1.0]
[0.9240657389163971, 0.6757515668869019, 0.1840316355228424, 0.5318572521209717, 0.28208157420158386, 1.0]
[0.9240657389163971, 0.6757515668869019, 0.1840316355228424, 0.5318572521209717, 0.28208157420158386, 1.0]
[0.9240657389163971, 0.6757515668869019, 0.1840316355228424, 0.5318572521209717, 0.28208157420158386, 1.0]
Jump!
[0.9320506155490875, 0.6136642098426819, 0.35953110456466675, 0.5489687323570251, 0.30588844418525696, 1.0]
Jump!
[0.9115654155611992, 0.5788370966911316, 0.46210649609565735, 0.5436946749687195, 0.345297634601593, 0.9905660152435303]
[0.9115654155611992, 0.5788370966911316, 0.46210649609565735, 0.5436946749687195, 0.345297634601593, 0.9905660152435303]
[0.9115654155611992, 0.5788370966911316, 0.46210649609565735, 0.5436946749687195, 0.345297634601593, 0.9905660152435303]
[0.9115654155611992, 0.5788370966911316, 0.46210649609565735, 0.5436946749687195, 0.345297634601593, 0.9905660152435303]
[0.9115654155611992, 0.5788370966911316, 0.46210649609565735, 0.5436946749687195, 0.345297634601593, 0.9905660152435303]
[0.9115654155611992, 0.5788370966911316, 0.46210649609565735, 0.5436946749687195, 0.345297634601593, 0.9905660152435303]
[0.9115654155611992, 0.5788370966911316, 0.46210649609565735, 0.5436946749687195, 0.345297634601593, 0.9905660152435303]
[0.9115654155611992, 0.5788370966911316, 0.46210649609565735, 0.5436946749687195, 0.345297634601593, 0.9905660152435303]
[0.9115654155611992, 0.5788370966911316, 0.46210649609565735, 0.5436946749687195, 0.345297634601593, 0.9905660152435303]
[0.9115654155611992, 0.5788370966911316, 0.46210649609565735, 0.5436946749687195, 0.345297634601593, 0.9905660152435303]
[0.9115654155611992, 0.5788370966911316, 0.46210649609565735, 0.5436946749687195, 0.345297634601593, 0.9905660152435303]
[0.9115654155611992, 0.5788370966911316, 0.46210649609565735, 0.5436946749687195, 0.345297634601593, 0.9905660152435303]
[0.9115654155611992, 0.5788370966911316, 0.46210649609565735, 0.5436946749687195, 0.345297634601593, 0.9905660152435303]
[0.9115654155611992, 0.5788370966911316, 0.46210649609565735, 0.5436946749687195, 0.345297634601593, 0.9905660152435303]
[0.9115654155611992, 0.5788370966911316, 0.46210649609565735, 0.5436946749687195, 0.345297634601593, 0.9905660152435303]
[0.9115654155611992, 0.5788370966911316, 0.46210649609565735, 0.5436946749687195, 0.345297634601593, 0.9905660152435303]
[0.9115654155611992, 0.5788370966911316, 0.46210649609565735, 0.5436946749687195, 0.345297634601593, 0.9905660152435303]
[0.9115654155611992, 0.5788370966911316, 0.46210649609565735, 0.5436946749687195, 0.345297634601593, 0.9905660152435303]
[0.9115654155611992, 0.5788370966911316, 0.46210649609565735, 0.5436946749687195, 0.345297634601593, 0.9905660152435303]
[0.9115654155611992, 0.5788370966911316, 0.46210649609565735, 0.5436946749687195, 0.345297634601593, 0.9905660152435303]
[0.9115654155611992, 0.5788370966911316, 0.46210649609565735, 0.5436946749687195, 0.345297634601593, 0.9905660152435303]
[0.9115654155611992, 0.5788370966911316, 0.46210649609565735, 0.5436946749687195, 0.345297634601593, 0.9905660152435303]
[0.9115654155611992, 0.5788370966911316, 0.46210649609565735, 0.5436946749687195, 0.345297634601593, 0.9905660152435303]
[0.9115654155611992, 0.5788370966911316, 0.46210649609565735, 0.5436946749687195, 0.345297634601593, 0.9905660152435303]
[0.9115654155611992, 0.5788370966911316, 0.46210649609565735, 0.5436946749687195, 0.345297634601593, 0.9905660152435303]
[0.9115654155611992, 0.5788370966911316, 0.46210649609565735, 0.5436946749687195, 0.345297634601593, 0.9905660152435303]
[0.9115654155611992, 0.5788370966911316, 0.46210649609565735, 0.5436946749687195, 0.345297634601593, 0.9905660152435303]
[0.9115654155611992, 0.5788370966911316, 0.46210649609565735, 0.5436946749687195, 0.345297634601593, 0.9905660152435303]
[0.9115654155611992, 0.5788370966911316, 0.46210649609565735, 0.5436946749687195, 0.345297634601593, 0.9905660152435303]
[0.9115654155611992, 0.5788370966911316, 0.46210649609565735, 0.5436946749687195, 0.345297634601593, 0.9905660152435303]
[0.9115654155611992, 0.5788370966911316, 0.46210649609565735, 0.5436946749687195, 0.345297634601593, 0.9905660152435303]
[0.9115654155611992, 0.5788370966911316, 0.46210649609565735, 0.5436946749687195, 0.345297634601593, 0.9905660152435303]
[0.9115654155611992, 0.5788370966911316, 0.46210649609565735, 0.5436946749687195, 0.345297634601593, 0.9905660152435303]
[0.9115654155611992, 0.5788370966911316, 0.46210649609565735, 0.5436946749687195, 0.345297634601593, 0.9905660152435303]
[0.9115654155611992, 0.5788370966911316, 0.46210649609565735, 0.5436946749687195, 0.345297634601593, 0.9905660152435303]
[0.9115654155611992, 0.5788370966911316, 0.46210649609565735, 0.5436946749687195, 0.345297634601593, 0.9905660152435303]
Jump!
[0.9240723252296448, 0.47001880407333374, 0.3898487687110901, 0.5628063082695007, 0.3752138018608093, 1.0]
[0.9240723252296448, 0.47001880407333374, 0.3898487687110901, 0.5628063082695007, 0.3752138018608093, 1.0]
[0.9240723252296448, 0.47001880407333374, 0.3898487687110901, 0.5628063082695007, 0.3752138018608093, 1.0]
[0.9240723252296448, 0.47001880407333374, 0.3898487687110901, 0.5628063082695007, 0.3752138018608093, 1.0]
[0.9240723252296448, 0.47001880407333374, 0.3898487687110901, 0.5628063082695007, 0.3752138018608093, 1.0]
[0.9240723252296448, 0.47001880407333374, 0.3898487687110901, 0.5628063082695007, 0.3752138018608093, 1.0]
[0.9240723252296448, 0.47001880407333374, 0.3898487687110901, 0.5628063082695007, 0.3752138018608093, 1.0]
[0.9240723252296448, 0.47001880407333374, 0.3898487687110901, 0.5628063082695007, 0.3752138018608093, 1.0]
[0.9240723252296448, 0.47001880407333374, 0.3898487687110901, 0.5628063082695007, 0.3752138018608093, 1.0]
[0.9240723252296448, 0.47001880407333374, 0.3898487687110901, 0.5628063082695007, 0.3752138018608093, 1.0]
[0.9240723252296448, 0.47001880407333374, 0.3898487687110901, 0.5628063082695007, 0.3752138018608093, 1.0]
[0.9240723252296448, 0.47001880407333374, 0.3898487687110901, 0.5628063082695007, 0.3752138018608093, 1.0]
[0.9240723252296448, 0.47001880407333374, 0.3898487687110901, 0.5628063082695007, 0.3752138018608093, 1.0]
[0.9240723252296448, 0.47001880407333374, 0.3898487687110901, 0.5628063082695007, 0.3752138018608093, 1.0]
[0.9240723252296448, 0.47001880407333374, 0.3898487687110901, 0.5628063082695007, 0.3752138018608093, 1.0]
[0.9240723252296448, 0.47001880407333374, 0.3898487687110901, 0.5628063082695007, 0.3752138018608093, 1.0]
[0.9240723252296448, 0.47001880407333374, 0.3898487687110901, 0.5628063082695007, 0.3752138018608093, 1.0]
[0.9240723252296448, 0.47001880407333374, 0.3898487687110901, 0.5628063082695007, 0.3752138018608093, 1.0]
['LCPWEPEDKR']
[0.9240723252296448, 0.47001880407333374, 6.0214009284973145, 5.628063201904297, 0.3752138018608093, 1.0]
Weight Vector: tensor([1., 1., 1., 4., 4., 2.], device='cuda:0')
[0.8859903439879417, 0.8183897733688354, 0.0, 0.5527463555335999, 0.20252330601215363, 0.9622641801834106]
[0.8859903439879417, 0.8183897733688354, 0.0, 0.5527463555335999, 0.20252330601215363, 0.9622641801834106]
[0.8859903439879417, 0.8183897733688354, 0.0, 0.5527463555335999, 0.20252330601215363, 0.9622641801834106]
[0.8859903439879417, 0.8183897733688354, 0.0, 0.5527463555335999, 0.20252330601215363, 0.9622641801834106]
[0.8859903439879417, 0.8183897733688354, 0.0, 0.5527463555335999, 0.20252330601215363, 0.9622641801834106]
[0.8859903439879417, 0.8183897733688354, 0.0, 0.5527463555335999, 0.20252330601215363, 0.9622641801834106]
[0.8859903439879417, 0.8183897733688354, 0.0, 0.5527463555335999, 0.20252330601215363, 0.9622641801834106]
[0.8859903439879417, 0.8183897733688354, 0.0, 0.5527463555335999, 0.20252330601215363, 0.9622641801834106]
Jump!
[0.8791132494807243, 0.8155061602592468, 0.11617234349250793, 0.6305912137031555, 0.2402397096157074, 0.9433962106704712]
[0.8791132494807243, 0.8155061602592468, 0.11617234349250793, 0.6305912137031555, 0.2402397096157074, 0.9433962106704712]
[0.8791132494807243, 0.8155061602592468, 0.11617234349250793, 0.6305912137031555, 0.2402397096157074, 0.9433962106704712]
[0.8791132494807243, 0.8155061602592468, 0.11617234349250793, 0.6305912137031555, 0.2402397096157074, 0.9433962106704712]
[0.8791132494807243, 0.8155061602592468, 0.11617234349250793, 0.6305912137031555, 0.2402397096157074, 0.9433962106704712]
[0.8791132494807243, 0.8155061602592468, 0.11617234349250793, 0.6305912137031555, 0.2402397096157074, 0.9433962106704712]
[0.8791132494807243, 0.8155061602592468, 0.11617234349250793, 0.6305912137031555, 0.2402397096157074, 0.9433962106704712]
Jump!
[0.9292257949709892, 0.5789778828620911, 0.27103352546691895, 0.6279452443122864, 0.2874978184700012, 0.9811320900917053]
[0.9292257949709892, 0.5789778828620911, 0.27103352546691895, 0.6279452443122864, 0.2874978184700012, 0.9811320900917053]
[0.9292257949709892, 0.5789778828620911, 0.27103352546691895, 0.6279452443122864, 0.2874978184700012, 0.9811320900917053]
[0.9292257949709892, 0.5789778828620911, 0.27103352546691895, 0.6279452443122864, 0.2874978184700012, 0.9811320900917053]
Jump!
[0.9086420312523842, 0.6241886615753174, 0.025745954364538193, 0.6429502367973328, 0.3177146911621094, 0.9811320900917053]
[0.9086420312523842, 0.6241886615753174, 0.025745954364538193, 0.6429502367973328, 0.3177146911621094, 0.9811320900917053]
[0.9086420312523842, 0.6241886615753174, 0.025745954364538193, 0.6429502367973328, 0.3177146911621094, 0.9811320900917053]
[0.9086420312523842, 0.6241886615753174, 0.025745954364538193, 0.6429502367973328, 0.3177146911621094, 0.9811320900917053]
Jump!
[0.8850903436541557, 0.6835697293281555, 0.19316366314888, 0.6508542895317078, 0.32496213912963867, 0.9811320900917053]
[0.8850903436541557, 0.6835697293281555, 0.19316366314888, 0.6508542895317078, 0.32496213912963867, 0.9811320900917053]
[0.8850903436541557, 0.6835697293281555, 0.19316366314888, 0.6508542895317078, 0.32496213912963867, 0.9811320900917053]
[0.8850903436541557, 0.6835697293281555, 0.19316366314888, 0.6508542895317078, 0.32496213912963867, 0.9811320900917053]
[0.8850903436541557, 0.6835697293281555, 0.19316366314888, 0.6508542895317078, 0.32496213912963867, 0.9811320900917053]
[0.8850903436541557, 0.6835697293281555, 0.19316366314888, 0.6508542895317078, 0.32496213912963867, 0.9811320900917053]
[0.8850903436541557, 0.6835697293281555, 0.19316366314888, 0.6508542895317078, 0.32496213912963867, 0.9811320900917053]
[0.8850903436541557, 0.6835697293281555, 0.19316366314888, 0.6508542895317078, 0.32496213912963867, 0.9811320900917053]
[0.8850903436541557, 0.6835697293281555, 0.19316366314888, 0.6508542895317078, 0.32496213912963867, 0.9811320900917053]
[0.8850903436541557, 0.6835697293281555, 0.19316366314888, 0.6508542895317078, 0.32496213912963867, 0.9811320900917053]
[0.8850903436541557, 0.6835697293281555, 0.19316366314888, 0.6508542895317078, 0.32496213912963867, 0.9811320900917053]
[0.8850903436541557, 0.6835697293281555, 0.19316366314888, 0.6508542895317078, 0.32496213912963867, 0.9811320900917053]
[0.8850903436541557, 0.6835697293281555, 0.19316366314888, 0.6508542895317078, 0.32496213912963867, 0.9811320900917053]
[0.8850903436541557, 0.6835697293281555, 0.19316366314888, 0.6508542895317078, 0.32496213912963867, 0.9811320900917053]
[0.8850903436541557, 0.6835697293281555, 0.19316366314888, 0.6508542895317078, 0.32496213912963867, 0.9811320900917053]
[0.8850903436541557, 0.6835697293281555, 0.19316366314888, 0.6508542895317078, 0.32496213912963867, 0.9811320900917053]
[0.8850903436541557, 0.6835697293281555, 0.19316366314888, 0.6508542895317078, 0.32496213912963867, 0.9811320900917053]
[0.8850903436541557, 0.6835697293281555, 0.19316366314888, 0.6508542895317078, 0.32496213912963867, 0.9811320900917053]
[0.8850903436541557, 0.6835697293281555, 0.19316366314888, 0.6508542895317078, 0.32496213912963867, 0.9811320900917053]
Jump!
[0.7882978469133377, 0.6674931645393372, 0.024540357291698456, 0.6543897986412048, 0.35890451073646545, 0.9905660152435303]
[0.7882978469133377, 0.6674931645393372, 0.024540357291698456, 0.6543897986412048, 0.35890451073646545, 0.9905660152435303]
[0.7882978469133377, 0.6674931645393372, 0.024540357291698456, 0.6543897986412048, 0.35890451073646545, 0.9905660152435303]
[0.7882978469133377, 0.6674931645393372, 0.024540357291698456, 0.6543897986412048, 0.35890451073646545, 0.9905660152435303]
[0.7882978469133377, 0.6674931645393372, 0.024540357291698456, 0.6543897986412048, 0.35890451073646545, 0.9905660152435303]
[0.7882978469133377, 0.6674931645393372, 0.024540357291698456, 0.6543897986412048, 0.35890451073646545, 0.9905660152435303]
[0.7882978469133377, 0.6674931645393372, 0.024540357291698456, 0.6543897986412048, 0.35890451073646545, 0.9905660152435303]
[0.7882978469133377, 0.6674931645393372, 0.024540357291698456, 0.6543897986412048, 0.35890451073646545, 0.9905660152435303]
[0.7882978469133377, 0.6674931645393372, 0.024540357291698456, 0.6543897986412048, 0.35890451073646545, 0.9905660152435303]
[0.7882978469133377, 0.6674931645393372, 0.024540357291698456, 0.6543897986412048, 0.35890451073646545, 0.9905660152435303]
[0.7882978469133377, 0.6674931645393372, 0.024540357291698456, 0.6543897986412048, 0.35890451073646545, 0.9905660152435303]
[0.7882978469133377, 0.6674931645393372, 0.024540357291698456, 0.6543897986412048, 0.35890451073646545, 0.9905660152435303]
[0.7882978469133377, 0.6674931645393372, 0.024540357291698456, 0.6543897986412048, 0.35890451073646545, 0.9905660152435303]
[0.7882978469133377, 0.6674931645393372, 0.024540357291698456, 0.6543897986412048, 0.35890451073646545, 0.9905660152435303]
[0.7882978469133377, 0.6674931645393372, 0.024540357291698456, 0.6543897986412048, 0.35890451073646545, 0.9905660152435303]
[0.7882978469133377, 0.6674931645393372, 0.024540357291698456, 0.6543897986412048, 0.35890451073646545, 0.9905660152435303]
[0.7882978469133377, 0.6674931645393372, 0.024540357291698456, 0.6543897986412048, 0.35890451073646545, 0.9905660152435303]
[0.7882978469133377, 0.6674931645393372, 0.024540357291698456, 0.6543897986412048, 0.35890451073646545, 0.9905660152435303]
[0.7882978469133377, 0.6674931645393372, 0.024540357291698456, 0.6543897986412048, 0.35890451073646545, 0.9905660152435303]
[0.7882978469133377, 0.6674931645393372, 0.024540357291698456, 0.6543897986412048, 0.35890451073646545, 0.9905660152435303]
[0.7882978469133377, 0.6674931645393372, 0.024540357291698456, 0.6543897986412048, 0.35890451073646545, 0.9905660152435303]
[0.7882978469133377, 0.6674931645393372, 0.024540357291698456, 0.6543897986412048, 0.35890451073646545, 0.9905660152435303]
[0.7882978469133377, 0.6674931645393372, 0.024540357291698456, 0.6543897986412048, 0.35890451073646545, 0.9905660152435303]
[0.7882978469133377, 0.6674931645393372, 0.024540357291698456, 0.6543897986412048, 0.35890451073646545, 0.9905660152435303]
[0.7882978469133377, 0.6674931645393372, 0.024540357291698456, 0.6543897986412048, 0.35890451073646545, 0.9905660152435303]
[0.7882978469133377, 0.6674931645393372, 0.024540357291698456, 0.6543897986412048, 0.35890451073646545, 0.9905660152435303]
[0.7882978469133377, 0.6674931645393372, 0.024540357291698456, 0.6543897986412048, 0.35890451073646545, 0.9905660152435303]
[0.7882978469133377, 0.6674931645393372, 0.024540357291698456, 0.6543897986412048, 0.35890451073646545, 0.9905660152435303]
[0.7882978469133377, 0.6674931645393372, 0.024540357291698456, 0.6543897986412048, 0.35890451073646545, 0.9905660152435303]
[0.7882978469133377, 0.6674931645393372, 0.024540357291698456, 0.6543897986412048, 0.35890451073646545, 0.9905660152435303]
[0.7882978469133377, 0.6674931645393372, 0.024540357291698456, 0.6543897986412048, 0.35890451073646545, 0.9905660152435303]
[0.7882978469133377, 0.6674931645393372, 0.024540357291698456, 0.6543897986412048, 0.35890451073646545, 0.9905660152435303]
Jump!
[0.7265945971012115, 0.5072157979011536, 0.0, 0.654272198677063, 0.3868354260921478, 0.9905660152435303]
Jump!
[0.7131389677524567, 0.5283055901527405, 0.17077943682670593, 0.6215285658836365, 0.40896835923194885, 0.9905660152435303]
[0.7131389677524567, 0.5283055901527405, 0.17077943682670593, 0.6215285658836365, 0.40896835923194885, 0.9905660152435303]
Jump!
[0.7276293635368347, 0.6271362900733948, 0.17097947001457214, 0.6713321805000305, 0.38891658186912537, 0.9716981053352356]
[0.7276293635368347, 0.6271362900733948, 0.17097947001457214, 0.6713321805000305, 0.38891658186912537, 0.9716981053352356]
Jump!
[0.7505800276994705, 0.6495151519775391, 0.22436127066612244, 0.6636946797370911, 0.42621472477912903, 0.9716981053352356]
[0.7505800276994705, 0.6495151519775391, 0.22436127066612244, 0.6636946797370911, 0.42621472477912903, 0.9716981053352356]
Jump!
[0.722747266292572, 0.5195562839508057, 0.22892141342163086, 0.6729423403739929, 0.4592234790325165, 0.9528301954269409]
[0.722747266292572, 0.5195562839508057, 0.22892141342163086, 0.6729423403739929, 0.4592234790325165, 0.9528301954269409]
Jump!
[0.797938197851181, 0.5236498713493347, 0.3149961829185486, 0.6740447282791138, 0.48274096846580505, 0.9528301954269409]
Jump!
[0.6831860840320587, 0.4344952702522278, 0.3374938368797302, 0.6778709292411804, 0.5135490298271179, 0.9716981053352356]
[0.6831860840320587, 0.4344952702522278, 0.3374938368797302, 0.6778709292411804, 0.5135490298271179, 0.9716981053352356]
[0.6831860840320587, 0.4344952702522278, 0.3374938368797302, 0.6778709292411804, 0.5135490298271179, 0.9716981053352356]
[0.6831860840320587, 0.4344952702522278, 0.3374938368797302, 0.6778709292411804, 0.5135490298271179, 0.9716981053352356]
[0.6831860840320587, 0.4344952702522278, 0.3374938368797302, 0.6778709292411804, 0.5135490298271179, 0.9716981053352356]
[0.6831860840320587, 0.4344952702522278, 0.3374938368797302, 0.6778709292411804, 0.5135490298271179, 0.9716981053352356]
[0.6831860840320587, 0.4344952702522278, 0.3374938368797302, 0.6778709292411804, 0.5135490298271179, 0.9716981053352356]
[0.6831860840320587, 0.4344952702522278, 0.3374938368797302, 0.6778709292411804, 0.5135490298271179, 0.9716981053352356]
[0.6831860840320587, 0.4344952702522278, 0.3374938368797302, 0.6778709292411804, 0.5135490298271179, 0.9716981053352356]
Jump!
[0.7492221593856812, 0.2839432954788208, 0.6251038312911987, 0.7560991644859314, 0.47092461585998535, 0.8962264060974121]
[0.7492221593856812, 0.2839432954788208, 0.6251038312911987, 0.7560991644859314, 0.47092461585998535, 0.8962264060974121]
[0.7492221593856812, 0.2839432954788208, 0.6251038312911987, 0.7560991644859314, 0.47092461585998535, 0.8962264060974121]
[0.7492221593856812, 0.2839432954788208, 0.6251038312911987, 0.7560991644859314, 0.47092461585998535, 0.8962264060974121]
[0.7492221593856812, 0.2839432954788208, 0.6251038312911987, 0.7560991644859314, 0.47092461585998535, 0.8962264060974121]
[0.7492221593856812, 0.2839432954788208, 0.6251038312911987, 0.7560991644859314, 0.47092461585998535, 0.8962264060974121]
[0.7492221593856812, 0.2839432954788208, 0.6251038312911987, 0.7560991644859314, 0.47092461585998535, 0.8962264060974121]
['WMFQFVYIAL']
[0.7492221593856812, 0.2839432954788208, 17.79129981994629, 7.5609917640686035, 0.47092461585998535, 0.8962264060974121]
