Working directory: /var/lib/condor/execute/slot1/dir_2024625/scratch
GPU info:
AvailableGPUs = { GPUs_GPU_24660f1c }
CUDACapability = GPUs_Capability
CUDADeviceName = GPUs_DeviceName
CUDADriverVersion = GPUs_DriverVersion
CUDAGlobalMemoryMb = GPUs_GlobalMemoryMb
CUDAMaxSupportedVersion = GPUs_MaxSupportedVersion
GPUs_Capability = 8.9
GPUs_DeviceName = "NVIDIA L40"
GPUs_DevicePciBusId = "0000:CE:00.0"
GPUs_DeviceUuid = "24660f1c-9665-dc92-a0c9-04252e1a8138"
GPUs_DriverVersion = 12.8
GPUs_ECCEnabled = true
GPUs_GPU_24660f1c = [ Id = "GPU-24660f1c"; Capability = 8.9; DeviceName = "NVIDIA L40"; DeviceUuid = "24660f1c-9665-dc92-a0c9-04252e1a8138"; ECCEnabled = true; NvidiaDriver = "570.195.03"; DriverVersion = 12.8; DevicePciBusId = "0000:CE:00.0"; GlobalMemoryMb = 45468; MaxSupportedVersion = 12080 ]
GPUs_GlobalMemoryMb = 45468
GPUs_MaxSupportedVersion = 12080
GPUs_NvidiaDriver = "570.195.03"
job_id=5 length=10 motifs=11-30 weights=1 n_batches=1
Target Motifs: [11, 12, 13, 14, 15, 16, 17, 18, 19, 20, 21, 22, 23, 24, 25, 26, 27, 28, 29, 30]
tensor([11, 12, 13, 14, 15, 16, 17, 18, 19, 20, 21, 22, 23, 24, 25, 26, 27, 28,
        29, 30], device='cuda:0')
Weight Vector: tensor([1.], device='cuda:0')
