000 (5741137.000.000) 2026-03-04 16:51:00 Job submitted from host: <128.105.68.112:9618?addrs=128.105.68.112-9618+[2607-f388-2200-100-eaeb-d3ff-fea3-4202]-9618&alias=ap2001.chtc.wisc.edu&noUDP&sock=schedd_9001_840b>
...
000 (5741137.001.000) 2026-03-04 16:51:00 Job submitted from host: <128.105.68.112:9618?addrs=128.105.68.112-9618+[2607-f388-2200-100-eaeb-d3ff-fea3-4202]-9618&alias=ap2001.chtc.wisc.edu&noUDP&sock=schedd_9001_840b>
...
000 (5741137.002.000) 2026-03-04 16:51:00 Job submitted from host: <128.105.68.112:9618?addrs=128.105.68.112-9618+[2607-f388-2200-100-eaeb-d3ff-fea3-4202]-9618&alias=ap2001.chtc.wisc.edu&noUDP&sock=schedd_9001_840b>
...
000 (5741137.003.000) 2026-03-04 16:51:00 Job submitted from host: <128.105.68.112:9618?addrs=128.105.68.112-9618+[2607-f388-2200-100-eaeb-d3ff-fea3-4202]-9618&alias=ap2001.chtc.wisc.edu&noUDP&sock=schedd_9001_840b>
...
000 (5741137.004.000) 2026-03-04 16:51:00 Job submitted from host: <128.105.68.112:9618?addrs=128.105.68.112-9618+[2607-f388-2200-100-eaeb-d3ff-fea3-4202]-9618&alias=ap2001.chtc.wisc.edu&noUDP&sock=schedd_9001_840b>
...
000 (5741137.005.000) 2026-03-04 16:51:00 Job submitted from host: <128.105.68.112:9618?addrs=128.105.68.112-9618+[2607-f388-2200-100-eaeb-d3ff-fea3-4202]-9618&alias=ap2001.chtc.wisc.edu&noUDP&sock=schedd_9001_840b>
...
000 (5741137.006.000) 2026-03-04 16:51:00 Job submitted from host: <128.105.68.112:9618?addrs=128.105.68.112-9618+[2607-f388-2200-100-eaeb-d3ff-fea3-4202]-9618&alias=ap2001.chtc.wisc.edu&noUDP&sock=schedd_9001_840b>
...
000 (5741137.007.000) 2026-03-04 16:51:00 Job submitted from host: <128.105.68.112:9618?addrs=128.105.68.112-9618+[2607-f388-2200-100-eaeb-d3ff-fea3-4202]-9618&alias=ap2001.chtc.wisc.edu&noUDP&sock=schedd_9001_840b>
...
000 (5741137.008.000) 2026-03-04 16:51:00 Job submitted from host: <128.105.68.112:9618?addrs=128.105.68.112-9618+[2607-f388-2200-100-eaeb-d3ff-fea3-4202]-9618&alias=ap2001.chtc.wisc.edu&noUDP&sock=schedd_9001_840b>
...
000 (5741137.009.000) 2026-03-04 16:51:00 Job submitted from host: <128.105.68.112:9618?addrs=128.105.68.112-9618+[2607-f388-2200-100-eaeb-d3ff-fea3-4202]-9618&alias=ap2001.chtc.wisc.edu&noUDP&sock=schedd_9001_840b>
...
040 (5741137.000.000) 2026-03-04 16:51:55 Started transferring input files
	Transferring to host: <128.105.68.124:9618?addrs=128.105.68.124-9618+[2607-f388-2200-100-7ec2-55ff-fe99-a508]-9618&alias=dsigpu4001.chtc.wisc.edu&noUDP&sock=slot1_3_2153397_bde8_79668>
...
040 (5741137.000.000) 2026-03-04 16:51:55 Finished transferring input files
...
001 (5741137.000.000) 2026-03-04 16:51:55 Job executing on host: <128.105.68.124:9618?addrs=128.105.68.124-9618+[2607-f388-2200-100-7ec2-55ff-fe99-a508]-9618&alias=dsigpu4001.chtc.wisc.edu&noUDP&sock=startd_10010_9b1a>
	SlotName: slot1_3@dsigpu4001.chtc.wisc.edu
	AvailableGPUs = { GPUs_GPU_405f99dc }
	CondorScratchDir = "/var/lib/condor/execute/slot1/dir_3464623/scratch"
	Cpus = 4
	Disk = 41943040
	GPUs = 1
	GPUs_GPU_405f99dc = [ Id = "GPU-405f99dc"; Capability = 8.9; DeviceName = "NVIDIA L40"; DeviceUuid = "405f99dc-2ebd-605c-34b1-50bd26df8505"; ECCEnabled = true; NvidiaDriver = "570.195.03"; DriverVersion = 12.8; DevicePciBusId = "0000:53:00.0"; GlobalMemoryMb = 45468; MaxSupportedVersion = 12080 ]
	IoHeavy = 0
	Memory = 24576
...
006 (5741137.000.000) 2026-03-04 16:52:04 Image size of job updated: 2412
	2412  -  MemoryUsage of job (MB)
	2470192  -  ResidentSetSize of job (KB)
...
006 (5741137.000.000) 2026-03-04 16:52:30 Image size of job updated: 3800
	3800  -  MemoryUsage of job (MB)
	3891544  -  ResidentSetSize of job (KB)
...
040 (5741137.000.000) 2026-03-04 16:52:30 Started transferring output files
...
040 (5741137.000.000) 2026-03-04 16:52:30 Finished transferring output files
...
021 (5741137.000.000) 2026-03-04 16:52:30 Error from starter on slot1_3@dsigpu4001.chtc.wisc.edu:
	STARTER at 128.105.68.124 failed to send file(s) to <128.105.68.112:9618>: |Error: 1 total failures: first failure: reading from file /var/lib/condor/execute/slot1/dir_3464623/scratch/samples_0.csv.gz: (errno 2) No such file or directory; SHADOW failed to receive file(s) from <128.105.68.124:46291>
	Code 13 Subcode 2
...
004 (5741137.000.000) 2026-03-04 16:52:31 Job was evicted. Code 12 Subcode 2
	(0) CPU times
		Usr 0 00:00:07, Sys 0 00:00:02  -  Run Remote Usage
		Usr 0 00:00:00, Sys 0 00:00:00  -  Run Local Usage
	0  -  Run Bytes Sent By Job
	1193  -  Run Bytes Received By Job
	Reason: Transfer output files failure at execution point slot1_3@dsigpu4001.chtc.wisc.edu while sending files to access point ap2001. Details: 1 total failures: first failure: reading from file /var/lib/condor/execute/slot1/dir_3464623/scratch/samples_0.csv.gz: (errno 2) No such file or directory
	Partitionable Resources :    Usage  Request Allocated Assigned
	   Cpus                 :        0        4         4 
	   Disk (KB)            :  2548605 41943040  41943040 
	   GPUs                 :                 1         1 "GPU-405f99dc"
	   IoHeavy              :                           0 
	   Memory (MB)          :     3800    24576     24576 
	   TimeExecute (s)      :       35                    
	   TimeSlotBusy (s)     :       35                    
...
012 (5741137.000.000) 2026-03-04 16:52:31 Job was held.
	Transfer output files failure at execution point slot1_3@dsigpu4001.chtc.wisc.edu while sending files to access point ap2001. Details: 1 total failures: first failure: reading from file /var/lib/condor/execute/slot1/dir_3464623/scratch/samples_0.csv.gz: (errno 2) No such file or directory
	Code 12 Subcode 2
...
040 (5741137.001.000) 2026-03-04 16:52:31 Started transferring input files
	Transferring to host: <128.105.68.124:9618?addrs=128.105.68.124-9618+[2607-f388-2200-100-7ec2-55ff-fe99-a508]-9618&alias=dsigpu4001.chtc.wisc.edu&noUDP&sock=slot1_3_2153397_bde8_79670>
...
040 (5741137.001.000) 2026-03-04 16:52:31 Finished transferring input files
...
001 (5741137.001.000) 2026-03-04 16:52:31 Job executing on host: <128.105.68.124:9618?addrs=128.105.68.124-9618+[2607-f388-2200-100-7ec2-55ff-fe99-a508]-9618&alias=dsigpu4001.chtc.wisc.edu&noUDP&sock=startd_10010_9b1a>
	SlotName: slot1_3@dsigpu4001.chtc.wisc.edu
	AvailableGPUs = { GPUs_GPU_405f99dc }
	CondorScratchDir = "/var/lib/condor/execute/slot1/dir_3465285/scratch"
	Cpus = 4
	Disk = 41943040
	GPUs = 1
	GPUs_GPU_405f99dc = [ Id = "GPU-405f99dc"; Capability = 8.9; DeviceName = "NVIDIA L40"; DeviceUuid = "405f99dc-2ebd-605c-34b1-50bd26df8505"; ECCEnabled = true; NvidiaDriver = "570.195.03"; DriverVersion = 12.8; DevicePciBusId = "0000:53:00.0"; GlobalMemoryMb = 45468; MaxSupportedVersion = 12080 ]
	IoHeavy = 0
	Memory = 24576
...
006 (5741137.001.000) 2026-03-04 16:52:40 Image size of job updated: 496
	496  -  MemoryUsage of job (MB)
	508156  -  ResidentSetSize of job (KB)
...
040 (5741137.003.000) 2026-03-04 16:52:54 Started transferring input files
	Transferring to host: <128.105.68.124:9618?addrs=128.105.68.124-9618+[2607-f388-2200-100-7ec2-55ff-fe99-a508]-9618&alias=dsigpu4001.chtc.wisc.edu&noUDP&sock=slot1_2_2153397_bde8_79671>
...
040 (5741137.002.000) 2026-03-04 16:52:54 Started transferring input files
	Transferring to host: <128.105.68.87:9618?addrs=128.105.68.87-9618+[2607-f388-2200-100-7ec2-55ff-fe9a-b48e]-9618&alias=dsigpu4002.chtc.wisc.edu&noUDP&sock=slot1_2_3906973_ab75_75204>
...
040 (5741137.002.000) 2026-03-04 16:52:54 Finished transferring input files
...
040 (5741137.003.000) 2026-03-04 16:52:54 Finished transferring input files
...
001 (5741137.002.000) 2026-03-04 16:52:55 Job executing on host: <128.105.68.87:9618?addrs=128.105.68.87-9618+[2607-f388-2200-100-7ec2-55ff-fe9a-b48e]-9618&alias=dsigpu4002.chtc.wisc.edu&noUDP&sock=startd_9971_dae9>
	SlotName: slot1_2@dsigpu4002.chtc.wisc.edu
	AvailableGPUs = { GPUs_GPU_00ce5156 }
	CondorScratchDir = "/var/lib/condor/execute/slot1/dir_2976236/scratch"
	Cpus = 4
	Disk = 41943040
	GPUs = 1
	GPUs_GPU_00ce5156 = [ Id = "GPU-00ce5156"; Capability = 8.9; DeviceName = "NVIDIA L40"; DeviceUuid = "00ce5156-6c1c-d9e4-6d22-e1f02050971e"; ECCEnabled = true; NvidiaDriver = "570.195.03"; DriverVersion = 12.8; DevicePciBusId = "0000:52:00.0"; GlobalMemoryMb = 45468; MaxSupportedVersion = 12080 ]
	IoHeavy = 0
	Memory = 24576
...
001 (5741137.003.000) 2026-03-04 16:52:55 Job executing on host: <128.105.68.124:9618?addrs=128.105.68.124-9618+[2607-f388-2200-100-7ec2-55ff-fe99-a508]-9618&alias=dsigpu4001.chtc.wisc.edu&noUDP&sock=startd_10010_9b1a>
	SlotName: slot1_2@dsigpu4001.chtc.wisc.edu
	AvailableGPUs = { GPUs_GPU_33841322 }
	CondorScratchDir = "/var/lib/condor/execute/slot1/dir_3465804/scratch"
	Cpus = 4
	Disk = 41943040
	GPUs = 1
	GPUs_GPU_33841322 = [ Id = "GPU-33841322"; Capability = 8.9; DeviceName = "NVIDIA L40"; DeviceUuid = "33841322-8890-d851-735c-22f0f2459d03"; ECCEnabled = true; NvidiaDriver = "570.195.03"; DriverVersion = 12.8; DevicePciBusId = "0000:52:00.0"; GlobalMemoryMb = 45468; MaxSupportedVersion = 12080 ]
	IoHeavy = 0
	Memory = 24576
...
040 (5741137.004.000) 2026-03-04 16:53:01 Started transferring input files
	Transferring to host: <128.105.68.101:9618?addrs=128.105.68.101-9618+[2607-f388-2200-100-1270-fdff-fe73-97d6]-9618&alias=gpu2009.chtc.wisc.edu&noUDP&sock=slot1_3_3684104_4c2e_2406>
...
040 (5741137.004.000) 2026-03-04 16:53:01 Finished transferring input files
...
006 (5741137.003.000) 2026-03-04 16:53:03 Image size of job updated: 496
	496  -  MemoryUsage of job (MB)
	508112  -  ResidentSetSize of job (KB)
...
006 (5741137.002.000) 2026-03-04 16:53:03 Image size of job updated: 479
	479  -  MemoryUsage of job (MB)
	490948  -  ResidentSetSize of job (KB)
...
001 (5741137.004.000) 2026-03-04 16:53:09 Job executing on host: <128.105.68.101:9618?addrs=128.105.68.101-9618+[2607-f388-2200-100-1270-fdff-fe73-97d6]-9618&alias=gpu2009.chtc.wisc.edu&noUDP&sock=startd_3684048_149c>
	SlotName: slot1_3@gpu2009.chtc.wisc.edu
	AvailableGPUs = { GPUs_GPU_ca0657f5 }
	CondorScratchDir = "/var/lib/condor/execute/slot1/dir_342688/scratch"
	Cpus = 4
	Disk = 41943040
	GPUs = 1
	GPUs_GPU_ca0657f5 = [ Id = "GPU-ca0657f5"; Capability = 8.0; DeviceName = "NVIDIA A100-SXM4-80GB"; DeviceUuid = "ca0657f5-b70c-d0e4-3726-6b51b21f28cc"; ECCEnabled = true; NvidiaDriver = "570.195.03"; DriverVersion = 12.8; DevicePciBusId = "0000:81:00.0"; GlobalMemoryMb = 81154; MaxSupportedVersion = 12080 ]
	IoHeavy = 0
	Memory = 24576
...
006 (5741137.001.000) 2026-03-04 16:53:11 Image size of job updated: 3920
	3920  -  MemoryUsage of job (MB)
	4014896  -  ResidentSetSize of job (KB)
...
040 (5741137.001.000) 2026-03-04 16:53:11 Started transferring output files
...
040 (5741137.001.000) 2026-03-04 16:53:11 Finished transferring output files
...
021 (5741137.001.000) 2026-03-04 16:53:11 Error from starter on slot1_3@dsigpu4001.chtc.wisc.edu:
	STARTER at 128.105.68.124 failed to send file(s) to <128.105.68.112:9618>: |Error: 1 total failures: first failure: reading from file /var/lib/condor/execute/slot1/dir_3465285/scratch/samples_1.csv.gz: (errno 2) No such file or directory; SHADOW failed to receive file(s) from <128.105.68.124:42553>
	Code 13 Subcode 2
...
004 (5741137.001.000) 2026-03-04 16:53:11 Job was evicted. Code 12 Subcode 2
	(0) CPU times
		Usr 0 00:00:04, Sys 0 00:00:00  -  Run Remote Usage
		Usr 0 00:00:00, Sys 0 00:00:00  -  Run Local Usage
	0  -  Run Bytes Sent By Job
	1193  -  Run Bytes Received By Job
	Reason: Transfer output files failure at execution point slot1_3@dsigpu4001.chtc.wisc.edu while sending files to access point ap2001. Details: 1 total failures: first failure: reading from file /var/lib/condor/execute/slot1/dir_3465285/scratch/samples_1.csv.gz: (errno 2) No such file or directory
	Partitionable Resources :      Usage  Request Allocated Assigned
	   Cpus                 :       0.00        4         4 
	   Disk (KB)            : 2548606    41943040  41943040 
	   GPUs                 :       0.04        1         1 "GPU-405f99dc"
	   GpusMemory (MB)      :   17261                       
	   IoHeavy              :                             0 
	   Memory (MB)          :    3920       24576     24576 
	   TimeExecute (s)      :      40                       
	   TimeSlotBusy (s)     :      40                       
...
012 (5741137.001.000) 2026-03-04 16:53:11 Job was held.
	Transfer output files failure at execution point slot1_3@dsigpu4001.chtc.wisc.edu while sending files to access point ap2001. Details: 1 total failures: first failure: reading from file /var/lib/condor/execute/slot1/dir_3465285/scratch/samples_1.csv.gz: (errno 2) No such file or directory
	Code 12 Subcode 2
...
040 (5741137.005.000) 2026-03-04 16:53:11 Started transferring input files
	Transferring to host: <128.105.68.124:9618?addrs=128.105.68.124-9618+[2607-f388-2200-100-7ec2-55ff-fe99-a508]-9618&alias=dsigpu4001.chtc.wisc.edu&noUDP&sock=slot1_3_2153397_bde8_79673>
...
040 (5741137.005.000) 2026-03-04 16:53:11 Finished transferring input files
...
001 (5741137.005.000) 2026-03-04 16:53:11 Job executing on host: <128.105.68.124:9618?addrs=128.105.68.124-9618+[2607-f388-2200-100-7ec2-55ff-fe99-a508]-9618&alias=dsigpu4001.chtc.wisc.edu&noUDP&sock=startd_10010_9b1a>
	SlotName: slot1_3@dsigpu4001.chtc.wisc.edu
	AvailableGPUs = { GPUs_GPU_405f99dc }
	CondorScratchDir = "/var/lib/condor/execute/slot1/dir_3466411/scratch"
	Cpus = 4
	Disk = 41943040
	GPUs = 1
	GPUs_GPU_405f99dc = [ Id = "GPU-405f99dc"; Capability = 8.9; DeviceName = "NVIDIA L40"; DeviceUuid = "405f99dc-2ebd-605c-34b1-50bd26df8505"; ECCEnabled = true; NvidiaDriver = "570.195.03"; DriverVersion = 12.8; DevicePciBusId = "0000:53:00.0"; GlobalMemoryMb = 45468; MaxSupportedVersion = 12080 ]
	IoHeavy = 0
	Memory = 24576
...
006 (5741137.005.000) 2026-03-04 16:53:20 Image size of job updated: 496
	496  -  MemoryUsage of job (MB)
	508160  -  ResidentSetSize of job (KB)
...
006 (5741137.002.000) 2026-03-04 16:53:21 Image size of job updated: 3857
	3857  -  MemoryUsage of job (MB)
	3949696  -  ResidentSetSize of job (KB)
...
040 (5741137.002.000) 2026-03-04 16:53:21 Started transferring output files
...
040 (5741137.002.000) 2026-03-04 16:53:21 Finished transferring output files
...
021 (5741137.002.000) 2026-03-04 16:53:21 Error from starter on slot1_2@dsigpu4002.chtc.wisc.edu:
	STARTER at 128.105.68.87 failed to send file(s) to <128.105.68.112:9618>: |Error: 1 total failures: first failure: reading from file /var/lib/condor/execute/slot1/dir_2976236/scratch/samples_2.csv.gz: (errno 2) No such file or directory; SHADOW failed to receive file(s) from <128.105.68.87:43591>
	Code 13 Subcode 2
...
006 (5741137.003.000) 2026-03-04 16:53:22 Image size of job updated: 3920
	3920  -  MemoryUsage of job (MB)
	4014576  -  ResidentSetSize of job (KB)
...
040 (5741137.003.000) 2026-03-04 16:53:22 Started transferring output files
...
040 (5741137.003.000) 2026-03-04 16:53:22 Finished transferring output files
...
021 (5741137.003.000) 2026-03-04 16:53:22 Error from starter on slot1_2@dsigpu4001.chtc.wisc.edu:
	STARTER at 128.105.68.124 failed to send file(s) to <128.105.68.112:9618>: |Error: 1 total failures: first failure: reading from file /var/lib/condor/execute/slot1/dir_3465804/scratch/samples_3.csv.gz: (errno 2) No such file or directory; SHADOW failed to receive file(s) from <128.105.68.124:44737>
	Code 13 Subcode 2
...
004 (5741137.002.000) 2026-03-04 16:53:22 Job was evicted. Code 12 Subcode 2
	(0) CPU times
		Usr 0 00:00:04, Sys 0 00:00:00  -  Run Remote Usage
		Usr 0 00:00:00, Sys 0 00:00:00  -  Run Local Usage
	0  -  Run Bytes Sent By Job
	1193  -  Run Bytes Received By Job
	Reason: Transfer output files failure at execution point slot1_2@dsigpu4002.chtc.wisc.edu while sending files to access point ap2001. Details: 1 total failures: first failure: reading from file /var/lib/condor/execute/slot1/dir_2976236/scratch/samples_2.csv.gz: (errno 2) No such file or directory
	Partitionable Resources :    Usage  Request Allocated Assigned
	   Cpus                 :        0        4         4 
	   Disk (KB)            :  2548605 41943040  41943040 
	   GPUs                 :                 1         1 "GPU-00ce5156"
	   IoHeavy              :                           0 
	   Memory (MB)          :     3857    24576     24576 
	   TimeExecute (s)      :       26                    
	   TimeSlotBusy (s)     :       27                    
...
012 (5741137.002.000) 2026-03-04 16:53:22 Job was held.
	Transfer output files failure at execution point slot1_2@dsigpu4002.chtc.wisc.edu while sending files to access point ap2001. Details: 1 total failures: first failure: reading from file /var/lib/condor/execute/slot1/dir_2976236/scratch/samples_2.csv.gz: (errno 2) No such file or directory
	Code 12 Subcode 2
...
040 (5741137.006.000) 2026-03-04 16:53:22 Started transferring input files
	Transferring to host: <128.105.68.87:9618?addrs=128.105.68.87-9618+[2607-f388-2200-100-7ec2-55ff-fe9a-b48e]-9618&alias=dsigpu4002.chtc.wisc.edu&noUDP&sock=slot1_2_3906973_ab75_75205>
...
040 (5741137.006.000) 2026-03-04 16:53:22 Finished transferring input files
...
001 (5741137.006.000) 2026-03-04 16:53:22 Job executing on host: <128.105.68.87:9618?addrs=128.105.68.87-9618+[2607-f388-2200-100-7ec2-55ff-fe9a-b48e]-9618&alias=dsigpu4002.chtc.wisc.edu&noUDP&sock=startd_9971_dae9>
	SlotName: slot1_2@dsigpu4002.chtc.wisc.edu
	AvailableGPUs = { GPUs_GPU_00ce5156 }
	CondorScratchDir = "/var/lib/condor/execute/slot1/dir_2977045/scratch"
	Cpus = 4
	Disk = 41943040
	GPUs = 1
	GPUs_GPU_00ce5156 = [ Id = "GPU-00ce5156"; Capability = 8.9; DeviceName = "NVIDIA L40"; DeviceUuid = "00ce5156-6c1c-d9e4-6d22-e1f02050971e"; ECCEnabled = true; NvidiaDriver = "570.195.03"; DriverVersion = 12.8; DevicePciBusId = "0000:52:00.0"; GlobalMemoryMb = 45468; MaxSupportedVersion = 12080 ]
	IoHeavy = 0
	Memory = 24576
...
004 (5741137.003.000) 2026-03-04 16:53:22 Job was evicted. Code 12 Subcode 2
	(0) CPU times
		Usr 0 00:00:04, Sys 0 00:00:00  -  Run Remote Usage
		Usr 0 00:00:00, Sys 0 00:00:00  -  Run Local Usage
	0  -  Run Bytes Sent By Job
	1193  -  Run Bytes Received By Job
	Reason: Transfer output files failure at execution point slot1_2@dsigpu4001.chtc.wisc.edu while sending files to access point ap2001. Details: 1 total failures: first failure: reading from file /var/lib/condor/execute/slot1/dir_3465804/scratch/samples_3.csv.gz: (errno 2) No such file or directory
	Partitionable Resources :      Usage  Request Allocated Assigned
	   Cpus                 :       0.00        4         4 
	   Disk (KB)            : 2548605    41943040  41943040 
	   GPUs                 :       0.00        1         1 "GPU-33841322"
	   GpusMemory (MB)      :    1081                       
	   IoHeavy              :                             0 
	   Memory (MB)          :    3920       24576     24576 
	   TimeExecute (s)      :      27                       
	   TimeSlotBusy (s)     :      28                       
...
012 (5741137.003.000) 2026-03-04 16:53:22 Job was held.
	Transfer output files failure at execution point slot1_2@dsigpu4001.chtc.wisc.edu while sending files to access point ap2001. Details: 1 total failures: first failure: reading from file /var/lib/condor/execute/slot1/dir_3465804/scratch/samples_3.csv.gz: (errno 2) No such file or directory
	Code 12 Subcode 2
...
040 (5741137.007.000) 2026-03-04 16:53:22 Started transferring input files
	Transferring to host: <128.105.68.124:9618?addrs=128.105.68.124-9618+[2607-f388-2200-100-7ec2-55ff-fe99-a508]-9618&alias=dsigpu4001.chtc.wisc.edu&noUDP&sock=slot1_2_2153397_bde8_79674>
...
040 (5741137.007.000) 2026-03-04 16:53:22 Finished transferring input files
...
001 (5741137.007.000) 2026-03-04 16:53:22 Job executing on host: <128.105.68.124:9618?addrs=128.105.68.124-9618+[2607-f388-2200-100-7ec2-55ff-fe99-a508]-9618&alias=dsigpu4001.chtc.wisc.edu&noUDP&sock=startd_10010_9b1a>
	SlotName: slot1_2@dsigpu4001.chtc.wisc.edu
	AvailableGPUs = { GPUs_GPU_33841322 }
	CondorScratchDir = "/var/lib/condor/execute/slot1/dir_3467046/scratch"
	Cpus = 4
	Disk = 41943040
	GPUs = 1
	GPUs_GPU_33841322 = [ Id = "GPU-33841322"; Capability = 8.9; DeviceName = "NVIDIA L40"; DeviceUuid = "33841322-8890-d851-735c-22f0f2459d03"; ECCEnabled = true; NvidiaDriver = "570.195.03"; DriverVersion = 12.8; DevicePciBusId = "0000:52:00.0"; GlobalMemoryMb = 45468; MaxSupportedVersion = 12080 ]
	IoHeavy = 0
	Memory = 24576
...
006 (5741137.007.000) 2026-03-04 16:53:31 Image size of job updated: 531
	531  -  MemoryUsage of job (MB)
	544452  -  ResidentSetSize of job (KB)
...
006 (5741137.006.000) 2026-03-04 16:53:31 Image size of job updated: 2047
	2047  -  MemoryUsage of job (MB)
	2096500  -  ResidentSetSize of job (KB)
...
006 (5741137.005.000) 2026-03-04 16:53:38 Image size of job updated: 3917
	3917  -  MemoryUsage of job (MB)
	4011316  -  ResidentSetSize of job (KB)
...
040 (5741137.005.000) 2026-03-04 16:53:38 Started transferring output files
...
040 (5741137.005.000) 2026-03-04 16:53:38 Finished transferring output files
...
021 (5741137.005.000) 2026-03-04 16:53:38 Error from starter on slot1_3@dsigpu4001.chtc.wisc.edu:
	STARTER at 128.105.68.124 failed to send file(s) to <128.105.68.112:9618>: |Error: 1 total failures: first failure: reading from file /var/lib/condor/execute/slot1/dir_3466411/scratch/samples_5.csv.gz: (errno 2) No such file or directory; SHADOW failed to receive file(s) from <128.105.68.124:44319>
	Code 13 Subcode 2
...
004 (5741137.005.000) 2026-03-04 16:53:38 Job was evicted. Code 12 Subcode 2
	(0) CPU times
		Usr 0 00:00:04, Sys 0 00:00:00  -  Run Remote Usage
		Usr 0 00:00:00, Sys 0 00:00:00  -  Run Local Usage
	0  -  Run Bytes Sent By Job
	1193  -  Run Bytes Received By Job
	Reason: Transfer output files failure at execution point slot1_3@dsigpu4001.chtc.wisc.edu while sending files to access point ap2001. Details: 1 total failures: first failure: reading from file /var/lib/condor/execute/slot1/dir_3466411/scratch/samples_5.csv.gz: (errno 2) No such file or directory
	Partitionable Resources :      Usage  Request Allocated Assigned
	   Cpus                 :       0.00        4         4 
	   Disk (KB)            : 2548605    41943040  41943040 
	   GPUs                 :       0.11        1         1 "GPU-405f99dc"
	   GpusMemory (MB)      :   14395                       
	   IoHeavy              :                             0 
	   Memory (MB)          :    3917       24576     24576 
	   TimeExecute (s)      :      27                       
	   TimeSlotBusy (s)     :      27                       
...
012 (5741137.005.000) 2026-03-04 16:53:38 Job was held.
	Transfer output files failure at execution point slot1_3@dsigpu4001.chtc.wisc.edu while sending files to access point ap2001. Details: 1 total failures: first failure: reading from file /var/lib/condor/execute/slot1/dir_3466411/scratch/samples_5.csv.gz: (errno 2) No such file or directory
	Code 12 Subcode 2
...
040 (5741137.008.000) 2026-03-04 16:53:38 Started transferring input files
	Transferring to host: <128.105.68.124:9618?addrs=128.105.68.124-9618+[2607-f388-2200-100-7ec2-55ff-fe99-a508]-9618&alias=dsigpu4001.chtc.wisc.edu&noUDP&sock=slot1_3_2153397_bde8_79675>
...
040 (5741137.008.000) 2026-03-04 16:53:39 Finished transferring input files
...
001 (5741137.008.000) 2026-03-04 16:53:39 Job executing on host: <128.105.68.124:9618?addrs=128.105.68.124-9618+[2607-f388-2200-100-7ec2-55ff-fe99-a508]-9618&alias=dsigpu4001.chtc.wisc.edu&noUDP&sock=startd_10010_9b1a>
	SlotName: slot1_3@dsigpu4001.chtc.wisc.edu
	AvailableGPUs = { GPUs_GPU_405f99dc }
	CondorScratchDir = "/var/lib/condor/execute/slot1/dir_3467637/scratch"
	Cpus = 4
	Disk = 41943040
	GPUs = 1
	GPUs_GPU_405f99dc = [ Id = "GPU-405f99dc"; Capability = 8.9; DeviceName = "NVIDIA L40"; DeviceUuid = "405f99dc-2ebd-605c-34b1-50bd26df8505"; ECCEnabled = true; NvidiaDriver = "570.195.03"; DriverVersion = 12.8; DevicePciBusId = "0000:53:00.0"; GlobalMemoryMb = 45468; MaxSupportedVersion = 12080 ]
	IoHeavy = 0
	Memory = 24576
...
006 (5741137.006.000) 2026-03-04 16:53:43 Image size of job updated: 3747
	3747  -  MemoryUsage of job (MB)
	3837380  -  ResidentSetSize of job (KB)
...
040 (5741137.006.000) 2026-03-04 16:53:43 Started transferring output files
...
040 (5741137.006.000) 2026-03-04 16:53:43 Finished transferring output files
...
021 (5741137.006.000) 2026-03-04 16:53:43 Error from starter on slot1_2@dsigpu4002.chtc.wisc.edu:
	STARTER at 128.105.68.87 failed to send file(s) to <128.105.68.112:9618>: |Error: 1 total failures: first failure: reading from file /var/lib/condor/execute/slot1/dir_2977045/scratch/samples_6.csv.gz: (errno 2) No such file or directory; SHADOW failed to receive file(s) from <128.105.68.87:45225>
	Code 13 Subcode 2
...
004 (5741137.006.000) 2026-03-04 16:53:44 Job was evicted. Code 12 Subcode 2
	(0) CPU times
		Usr 0 00:00:08, Sys 0 00:00:03  -  Run Remote Usage
		Usr 0 00:00:00, Sys 0 00:00:00  -  Run Local Usage
	0  -  Run Bytes Sent By Job
	1193  -  Run Bytes Received By Job
	Reason: Transfer output files failure at execution point slot1_2@dsigpu4002.chtc.wisc.edu while sending files to access point ap2001. Details: 1 total failures: first failure: reading from file /var/lib/condor/execute/slot1/dir_2977045/scratch/samples_6.csv.gz: (errno 2) No such file or directory
	Partitionable Resources :      Usage  Request Allocated Assigned
	   Cpus                 :       0.01        4         4 
	   Disk (KB)            : 2548604    41943040  41943040 
	   GPUs                 :       0.03        1         1 "GPU-00ce5156"
	   GpusMemory (MB)      :    1081                       
	   IoHeavy              :                             0 
	   Memory (MB)          :    3747       24576     24576 
	   TimeExecute (s)      :      21                       
	   TimeSlotBusy (s)     :      21                       
...
012 (5741137.006.000) 2026-03-04 16:53:44 Job was held.
	Transfer output files failure at execution point slot1_2@dsigpu4002.chtc.wisc.edu while sending files to access point ap2001. Details: 1 total failures: first failure: reading from file /var/lib/condor/execute/slot1/dir_2977045/scratch/samples_6.csv.gz: (errno 2) No such file or directory
	Code 12 Subcode 2
...
040 (5741137.009.000) 2026-03-04 16:53:44 Started transferring input files
	Transferring to host: <128.105.68.87:9618?addrs=128.105.68.87-9618+[2607-f388-2200-100-7ec2-55ff-fe9a-b48e]-9618&alias=dsigpu4002.chtc.wisc.edu&noUDP&sock=slot1_2_3906973_ab75_75206>
...
040 (5741137.009.000) 2026-03-04 16:53:44 Finished transferring input files
...
001 (5741137.009.000) 2026-03-04 16:53:44 Job executing on host: <128.105.68.87:9618?addrs=128.105.68.87-9618+[2607-f388-2200-100-7ec2-55ff-fe9a-b48e]-9618&alias=dsigpu4002.chtc.wisc.edu&noUDP&sock=startd_9971_dae9>
	SlotName: slot1_2@dsigpu4002.chtc.wisc.edu
	AvailableGPUs = { GPUs_GPU_00ce5156 }
	CondorScratchDir = "/var/lib/condor/execute/slot1/dir_2977900/scratch"
	Cpus = 4
	Disk = 41943040
	GPUs = 1
	GPUs_GPU_00ce5156 = [ Id = "GPU-00ce5156"; Capability = 8.9; DeviceName = "NVIDIA L40"; DeviceUuid = "00ce5156-6c1c-d9e4-6d22-e1f02050971e"; ECCEnabled = true; NvidiaDriver = "570.195.03"; DriverVersion = 12.8; DevicePciBusId = "0000:52:00.0"; GlobalMemoryMb = 45468; MaxSupportedVersion = 12080 ]
	IoHeavy = 0
	Memory = 24576
...
006 (5741137.008.000) 2026-03-04 16:53:47 Image size of job updated: 496
	496  -  MemoryUsage of job (MB)
	508088  -  ResidentSetSize of job (KB)
...
006 (5741137.007.000) 2026-03-04 16:53:49 Image size of job updated: 3739
	3739  -  MemoryUsage of job (MB)
	3829012  -  ResidentSetSize of job (KB)
...
040 (5741137.007.000) 2026-03-04 16:53:49 Started transferring output files
...
040 (5741137.007.000) 2026-03-04 16:53:49 Finished transferring output files
...
021 (5741137.007.000) 2026-03-04 16:53:49 Error from starter on slot1_2@dsigpu4001.chtc.wisc.edu:
	STARTER at 128.105.68.124 failed to send file(s) to <128.105.68.112:9618>: |Error: 1 total failures: first failure: reading from file /var/lib/condor/execute/slot1/dir_3467046/scratch/samples_7.csv.gz: (errno 2) No such file or directory; SHADOW failed to receive file(s) from <128.105.68.124:42697>
	Code 13 Subcode 2
...
004 (5741137.007.000) 2026-03-04 16:53:49 Job was evicted. Code 12 Subcode 2
	(0) CPU times
		Usr 0 00:00:04, Sys 0 00:00:00  -  Run Remote Usage
		Usr 0 00:00:00, Sys 0 00:00:00  -  Run Local Usage
	0  -  Run Bytes Sent By Job
	1193  -  Run Bytes Received By Job
	Reason: Transfer output files failure at execution point slot1_2@dsigpu4001.chtc.wisc.edu while sending files to access point ap2001. Details: 1 total failures: first failure: reading from file /var/lib/condor/execute/slot1/dir_3467046/scratch/samples_7.csv.gz: (errno 2) No such file or directory
	Partitionable Resources :      Usage  Request Allocated Assigned
	   Cpus                 :       0           4         4 
	   Disk (KB)            : 2548604    41943040  41943040 
	   GPUs                 :       0.06        1         1 "GPU-33841322"
	   GpusMemory (MB)      :   14313                       
	   IoHeavy              :                             0 
	   Memory (MB)          :    3739       24576     24576 
	   TimeExecute (s)      :      27                       
	   TimeSlotBusy (s)     :      27                       
...
012 (5741137.007.000) 2026-03-04 16:53:49 Job was held.
	Transfer output files failure at execution point slot1_2@dsigpu4001.chtc.wisc.edu while sending files to access point ap2001. Details: 1 total failures: first failure: reading from file /var/lib/condor/execute/slot1/dir_3467046/scratch/samples_7.csv.gz: (errno 2) No such file or directory
	Code 12 Subcode 2
...
006 (5741137.009.000) 2026-03-04 16:53:53 Image size of job updated: 2388
	2388  -  MemoryUsage of job (MB)
	2446156  -  ResidentSetSize of job (KB)
...
006 (5741137.008.000) 2026-03-04 16:54:07 Image size of job updated: 3693
	3693  -  MemoryUsage of job (MB)
	3782288  -  ResidentSetSize of job (KB)
...
040 (5741137.008.000) 2026-03-04 16:54:07 Started transferring output files
...
040 (5741137.008.000) 2026-03-04 16:54:07 Finished transferring output files
...
021 (5741137.008.000) 2026-03-04 16:54:07 Error from starter on slot1_3@dsigpu4001.chtc.wisc.edu:
	STARTER at 128.105.68.124 failed to send file(s) to <128.105.68.112:9618>: |Error: 1 total failures: first failure: reading from file /var/lib/condor/execute/slot1/dir_3467637/scratch/samples_8.csv.gz: (errno 2) No such file or directory; SHADOW failed to receive file(s) from <128.105.68.124:39725>
	Code 13 Subcode 2
...
004 (5741137.008.000) 2026-03-04 16:54:07 Job was evicted. Code 12 Subcode 2
	(0) CPU times
		Usr 0 00:00:18, Sys 0 00:00:10  -  Run Remote Usage
		Usr 0 00:00:00, Sys 0 00:00:00  -  Run Local Usage
	0  -  Run Bytes Sent By Job
	1193  -  Run Bytes Received By Job
	Reason: Transfer output files failure at execution point slot1_3@dsigpu4001.chtc.wisc.edu while sending files to access point ap2001. Details: 1 total failures: first failure: reading from file /var/lib/condor/execute/slot1/dir_3467637/scratch/samples_8.csv.gz: (errno 2) No such file or directory
	Partitionable Resources :    Usage  Request Allocated Assigned
	   Cpus                 :        0        4         4 
	   Disk (KB)            :  2548604 41943040  41943040 
	   GPUs                 :        0        1         1 "GPU-405f99dc"
	   IoHeavy              :                           0 
	   Memory (MB)          :     3693    24576     24576 
	   TimeExecute (s)      :       28                    
	   TimeSlotBusy (s)     :       29                    
...
012 (5741137.008.000) 2026-03-04 16:54:07 Job was held.
	Transfer output files failure at execution point slot1_3@dsigpu4001.chtc.wisc.edu while sending files to access point ap2001. Details: 1 total failures: first failure: reading from file /var/lib/condor/execute/slot1/dir_3467637/scratch/samples_8.csv.gz: (errno 2) No such file or directory
	Code 12 Subcode 2
...
006 (5741137.009.000) 2026-03-04 16:54:09 Image size of job updated: 3778
	3778  -  MemoryUsage of job (MB)
	3869676  -  ResidentSetSize of job (KB)
...
040 (5741137.009.000) 2026-03-04 16:54:10 Started transferring output files
...
040 (5741137.009.000) 2026-03-04 16:54:10 Finished transferring output files
...
021 (5741137.009.000) 2026-03-04 16:54:10 Error from starter on slot1_2@dsigpu4002.chtc.wisc.edu:
	STARTER at 128.105.68.87 failed to send file(s) to <128.105.68.112:9618>: |Error: 1 total failures: first failure: reading from file /var/lib/condor/execute/slot1/dir_2977900/scratch/samples_9.csv.gz: (errno 2) No such file or directory; SHADOW failed to receive file(s) from <128.105.68.87:37641>
	Code 13 Subcode 2
...
004 (5741137.009.000) 2026-03-04 16:54:10 Job was evicted. Code 12 Subcode 2
	(0) CPU times
		Usr 0 00:00:08, Sys 0 00:00:03  -  Run Remote Usage
		Usr 0 00:00:00, Sys 0 00:00:00  -  Run Local Usage
	0  -  Run Bytes Sent By Job
	1193  -  Run Bytes Received By Job
	Reason: Transfer output files failure at execution point slot1_2@dsigpu4002.chtc.wisc.edu while sending files to access point ap2001. Details: 1 total failures: first failure: reading from file /var/lib/condor/execute/slot1/dir_2977900/scratch/samples_9.csv.gz: (errno 2) No such file or directory
	Partitionable Resources :    Usage  Request Allocated Assigned
	   Cpus                 :        0        4         4 
	   Disk (KB)            :  2548605 41943040  41943040 
	   GPUs                 :        0        1         1 "GPU-00ce5156"
	   IoHeavy              :                           0 
	   Memory (MB)          :     3778    24576     24576 
	   TimeExecute (s)      :       25                    
	   TimeSlotBusy (s)     :       26                    
...
012 (5741137.009.000) 2026-03-04 16:54:10 Job was held.
	Transfer output files failure at execution point slot1_2@dsigpu4002.chtc.wisc.edu while sending files to access point ap2001. Details: 1 total failures: first failure: reading from file /var/lib/condor/execute/slot1/dir_2977900/scratch/samples_9.csv.gz: (errno 2) No such file or directory
	Code 12 Subcode 2
...
006 (5741137.004.000) 2026-03-04 16:56:02 Image size of job updated: 3823
	3823  -  MemoryUsage of job (MB)
	3915048  -  ResidentSetSize of job (KB)
...
040 (5741137.004.000) 2026-03-04 16:56:02 Started transferring output files
...
040 (5741137.004.000) 2026-03-04 16:56:02 Finished transferring output files
...
021 (5741137.004.000) 2026-03-04 16:56:02 Error from starter on slot1_3@gpu2009.chtc.wisc.edu:
	STARTER at 128.105.68.101 failed to send file(s) to <128.105.68.112:9618>: |Error: 1 total failures: first failure: reading from file /var/lib/condor/execute/slot1/dir_342688/scratch/samples_4.csv.gz: (errno 2) No such file or directory; SHADOW failed to receive file(s) from <128.105.68.101:37071>
	Code 13 Subcode 2
...
004 (5741137.004.000) 2026-03-04 16:56:03 Job was evicted. Code 12 Subcode 2
	(0) CPU times
		Usr 0 00:00:00, Sys 0 00:00:00  -  Run Remote Usage
		Usr 0 00:00:00, Sys 0 00:00:00  -  Run Local Usage
	0  -  Run Bytes Sent By Job
	1193  -  Run Bytes Received By Job
	Reason: Transfer output files failure at execution point slot1_3@gpu2009.chtc.wisc.edu while sending files to access point ap2001. Details: 1 total failures: first failure: reading from file /var/lib/condor/execute/slot1/dir_342688/scratch/samples_4.csv.gz: (errno 2) No such file or directory
	Partitionable Resources :    Usage  Request Allocated Assigned
	   Cpus                 :        0        4         4 
	   Disk (KB)            :  2548604 41943040  41943040 
	   GPUs                 :        0        1         1 "GPU-ca0657f5"
	   GpusMemory (MB)      :      771                    
	   IoHeavy              :                           0 
	   Memory (MB)          :     3823    24576     24576 
	   TimeExecute (s)      :       24                    
	   TimeSlotBusy (s)     :      181                    
...
012 (5741137.004.000) 2026-03-04 16:56:03 Job was held.
	Transfer output files failure at execution point slot1_3@gpu2009.chtc.wisc.edu while sending files to access point ap2001. Details: 1 total failures: first failure: reading from file /var/lib/condor/execute/slot1/dir_342688/scratch/samples_4.csv.gz: (errno 2) No such file or directory
	Code 12 Subcode 2
...
009 (5741137.000.000) 2026-03-04 16:56:54 Job was aborted.
	via condor_rm (by user agitter)
...
009 (5741137.001.000) 2026-03-04 16:56:54 Job was aborted.
	via condor_rm (by user agitter)
...
009 (5741137.002.000) 2026-03-04 16:56:55 Job was aborted.
	via condor_rm (by user agitter)
...
009 (5741137.003.000) 2026-03-04 16:56:55 Job was aborted.
	via condor_rm (by user agitter)
...
009 (5741137.004.000) 2026-03-04 16:56:55 Job was aborted.
	via condor_rm (by user agitter)
...
009 (5741137.005.000) 2026-03-04 16:56:55 Job was aborted.
	via condor_rm (by user agitter)
...
009 (5741137.006.000) 2026-03-04 16:56:55 Job was aborted.
	via condor_rm (by user agitter)
...
009 (5741137.007.000) 2026-03-04 16:56:55 Job was aborted.
	via condor_rm (by user agitter)
...
009 (5741137.008.000) 2026-03-04 16:56:55 Job was aborted.
	via condor_rm (by user agitter)
...
009 (5741137.009.000) 2026-03-04 16:56:55 Job was aborted.
	via condor_rm (by user agitter)
...
