/workspace/moPPIt/flow_matching/path/path_sample.py:38: SyntaxWarning: invalid escape sequence '\s'
  """
/workspace/moPPIt/flow_matching/path/scheduler/scheduler.py:66: SyntaxWarning: invalid escape sequence '\s'
  """Scheduler for convex paths.
/workspace/moPPIt/flow_matching/path/scheduler/scheduler.py:78: SyntaxWarning: invalid escape sequence '\k'
  """
Traceback (most recent call last):
  File "/workspace/moPPIt/moppit.py", line 32, in <module>
    solver = load_solver('./ckpt/peptide/cnn_epoch200_lr0.0001_embed512_hidden256_loss3.1051.ckpt', vocab_size, device)
             ^^^^^^^^^^^^^^^^^^^^^^^^^^^^^^^^^^^^^^^^^^^^^^^^^^^^^^^^^^^^^^^^^^^^^^^^^^^^^^^^^^^^^^^^^^^^^^^^^^^^^^^^^^
  File "/workspace/moPPIt/models/peptide_classifiers.py", line 703, in load_solver
    probability_denoiser.load_state_dict(torch.load(checkpoint_path, map_location=device, weights_only=False))
                                         ^^^^^^^^^^^^^^^^^^^^^^^^^^^^^^^^^^^^^^^^^^^^^^^^^^^^^^^^^^^^^^^^^^^^
  File "/usr/local/lib/python3.12/dist-packages/torch/serialization.py", line 1500, in load
    with _open_file_like(f, "rb") as opened_file:
         ^^^^^^^^^^^^^^^^^^^^^^^^
  File "/usr/local/lib/python3.12/dist-packages/torch/serialization.py", line 768, in _open_file_like
    return _open_file(name_or_buffer, mode)
           ^^^^^^^^^^^^^^^^^^^^^^^^^^^^^^^^
  File "/usr/local/lib/python3.12/dist-packages/torch/serialization.py", line 749, in __init__
    super().__init__(open(name, mode))  # noqa: SIM115
                     ^^^^^^^^^^^^^^^^
FileNotFoundError: [Errno 2] No such file or directory: './ckpt/peptide/cnn_epoch200_lr0.0001_embed512_hidden256_loss3.1051.ckpt'
