Working directory: /var/lib/condor/execute/slot1/dir_3465285/scratch
GPU info:
AvailableGPUs = { GPUs_GPU_405f99dc }
CUDACapability = GPUs_Capability
CUDADeviceName = GPUs_DeviceName
CUDADriverVersion = GPUs_DriverVersion
CUDAGlobalMemoryMb = GPUs_GlobalMemoryMb
CUDAMaxSupportedVersion = GPUs_MaxSupportedVersion
GPUs_Capability = 8.9
GPUs_DeviceName = "NVIDIA L40"
GPUs_DevicePciBusId = "0000:53:00.0"
GPUs_DeviceUuid = "405f99dc-2ebd-605c-34b1-50bd26df8505"
GPUs_DriverVersion = 12.8
GPUs_ECCEnabled = true
GPUs_GPU_405f99dc = [ Id = "GPU-405f99dc"; Capability = 8.9; DeviceName = "NVIDIA L40"; DeviceUuid = "405f99dc-2ebd-605c-34b1-50bd26df8505"; ECCEnabled = true; NvidiaDriver = "570.195.03"; DriverVersion = 12.8; DevicePciBusId = "0000:53:00.0"; GlobalMemoryMb = 45468; MaxSupportedVersion = 12080 ]
GPUs_GlobalMemoryMb = 45468
GPUs_MaxSupportedVersion = 12080
GPUs_NvidiaDriver = "570.195.03"
job_id=1 length=10 motifs=1-20 weights=1 n_batches=1
Target Motifs: [1, 2, 3, 4, 5, 6, 7, 8, 9, 10, 11, 12, 13, 14, 15, 16, 17, 18, 19, 20]
tensor([ 1,  2,  3,  4,  5,  6,  7,  8,  9, 10, 11, 12, 13, 14, 15, 16, 17, 18,
        19, 20], device='cuda:0')
Weight Vector: tensor([1.], device='cuda:0')
